TN:
SF:/home/runner/work/ros2_uav_px4/ros2_uav_px4/build/ros2_uav_interfaces/rosidl_generator_cpp/ros2_uav_interfaces/msg/detail/pose_heading__struct.hpp
DA:44,1
DA:45,1
DA:46,1
DA:47,1
DA:49,1
DA:52,1
DA:54,1
LF:7
LH:7
end_of_record
TN:
SF:/home/runner/work/ros2_uav_px4/ros2_uav_px4/src/ros2_uav_px4/include/ros2_uav_px4/utils/tf2_eigen.hpp
DA:30,2
DA:32,2
DA:41,2
DA:43,2
DA:52,1
DA:55,1
DA:56,2
DA:65,1
DA:68,1
DA:69,3
LF:10
LH:10
end_of_record
TN:
SF:/home/runner/work/ros2_uav_px4/ros2_uav_px4/src/ros2_uav_px4/include/ros2_uav_px4/utils/uav_cpp_ros2_conversions.hpp
DA:27,1
DA:29,1
DA:31,1
DA:32,1
DA:33,1
DA:34,1
DA:35,1
DA:36,2
DA:37,1
LF:9
LH:9
end_of_record
TN:
SF:/home/runner/work/ros2_uav_px4/ros2_uav_px4/src/uav_cpp/include/uav_cpp/module_io/module_io.hpp
DA:73,0
DA:76,0
DA:99,0
DA:103,0
DA:104,0
DA:105,0
DA:106,0
DA:107,0
DA:108,0
DA:111,0
DA:114,0
DA:117,0
DA:121,0
DA:122,0
DA:123,0
DA:124,0
DA:125,0
DA:126,0
LF:18
LH:0
end_of_record
TN:
SF:/home/runner/work/ros2_uav_px4/ros2_uav_px4/src/uav_cpp/include/uav_cpp/utils/angles.hpp
DA:46,0
DA:49,0
DA:50,0
DA:51,0
DA:52,0
DA:59,0
DA:61,0
DA:63,0
DA:64,0
DA:65,0
DA:68,0
DA:69,0
DA:70,0
DA:71,0
DA:73,0
DA:113,0
DA:115,0
LF:17
LH:0
end_of_record
TN:
SF:/opt/ros/humble/include/builtin_interfaces/builtin_interfaces/msg/detail/time__struct.hpp
DA:36,1
DA:38,1
DA:41,1
DA:42,1
DA:44,1
LF:5
LH:5
end_of_record
TN:
SF:/opt/ros/humble/include/geometry_msgs/geometry_msgs/msg/detail/point__struct.hpp
DA:36,1
DA:38,1
DA:41,1
DA:42,1
DA:43,1
DA:45,1
LF:6
LH:6
end_of_record
TN:
SF:/opt/ros/humble/include/geometry_msgs/geometry_msgs/msg/detail/vector3__struct.hpp
DA:36,1
DA:38,1
DA:41,1
DA:42,1
DA:43,1
DA:45,1
LF:6
LH:6
end_of_record
TN:
SF:/opt/ros/humble/include/std_msgs/std_msgs/msg/detail/header__struct.hpp
DA:40,1
DA:41,1
DA:43,1
DA:46,1
DA:48,1
LF:5
LH:5
end_of_record
TN:
SF:/opt/ros/humble/include/tf2/tf2/LinearMath/QuadWord.h
DA:75,2
DA:77,2
DA:79,2
DA:81,2
DA:154,1
DA:155,1
DA:156,1
DA:157,1
LF:8
LH:8
end_of_record
TN:
SF:/opt/ros/humble/include/tf2/tf2/LinearMath/Quaternion.h
DA:39,1
DA:40,1
DA:41,1
DA:145,0
DA:147,0
DA:152,0
DA:154,0
DA:159,0
DA:161,0
DA:175,0
DA:177,0
DA:184,0
DA:187,0
DA:201,0
DA:203,0
LF:15
LH:3
end_of_record
TN:
SF:/opt/ros/humble/include/tf2/tf2/LinearMath/Scalar.h
DA:177,0
LF:1
LH:0
end_of_record
TN:
SF:/opt/ros/humble/include/tf2/tf2/LinearMath/Vector3.h
DA:81,6
DA:82,6
DA:83,6
DA:84,6
DA:85,6
DA:86,6
DA:87,6
DA:91,0
DA:94,0
DA:95,0
DA:256,0
DA:258,0
DA:264,5
DA:266,5
DA:268,5
LF:15
LH:10
end_of_record
TN:
SF:/opt/ros/humble/src/gtest_vendor/include/gtest/gtest-matchers.h
DA:85,0
DA:111,0
DA:112,0
DA:118,0
DA:133,0
DA:134,0
DA:135,0
DA:136,0
DA:137,0
DA:211,0
DA:237,0
DA:263,0
DA:264,0
DA:268,0
DA:269,0
DA:270,0
DA:271,0
DA:274,0
DA:295,0
DA:298,0
DA:309,0
DA:310,0
DA:312,0
DA:357,0
DA:358,0
DA:374,0
DA:375,0
DA:531,0
DA:533,0
DA:534,0
DA:539,0
DA:546,0
DA:547,0
DA:549,0
DA:551,0
DA:552,0
DA:553,0
DA:554,0
DA:555,0
DA:556,0
DA:557,0
DA:558,0
DA:569,0
DA:570,0
DA:571,0
DA:572,0
DA:695,0
LF:47
LH:0
end_of_record
TN:
SF:/opt/ros/humble/src/gtest_vendor/include/gtest/gtest-message.h
DA:101,0
DA:102,0
DA:103,0
DA:112,854
DA:128,854
DA:129,854
DA:146,21
DA:147,21
DA:148,0
DA:150,21
DA:152,21
DA:198,0
DA:199,0
DA:209,42
DA:210,42
LF:15
LH:9
end_of_record
TN:
SF:/opt/ros/humble/src/gtest_vendor/include/gtest/gtest-printers.h
DA:260,0
DA:287,0
DA:288,0
DA:313,0
DA:314,0
DA:377,0
DA:379,0
DA:466,0
DA:468,0
DA:469,0
DA:483,0
DA:503,0
DA:514,0
DA:594,0
DA:595,0
DA:596,0
DA:601,0
DA:602,0
DA:603,0
DA:670,0
DA:679,0
DA:680,0
DA:796,0
DA:797,0
DA:798,0
DA:817,0
DA:818,0
DA:819,0
DA:821,0
DA:823,0
DA:837,0
DA:838,0
DA:839,0
DA:841,0
DA:843,0
DA:865,0
DA:869,0
DA:870,0
DA:915,0
DA:916,0
DA:917,0
DA:918,0
DA:919,0
LF:43
LH:0
end_of_record
TN:
SF:/opt/ros/humble/src/gtest_vendor/include/gtest/gtest-test-part.h
DA:63,0
DA:65,0
DA:66,0
DA:67,0
DA:68,0
DA:69,0
DA:72,0
DA:76,0
DA:77,0
DA:82,0
DA:85,0
DA:88,0
DA:91,0
DA:97,0
DA:100,0
DA:103,0
DA:151,2
LF:17
LH:1
end_of_record
TN:
SF:/opt/ros/humble/src/gtest_vendor/include/gtest/gtest.h
DA:293,25
DA:299,25
DA:312,25
DA:321,0
DA:322,0
DA:325,0
DA:328,0
DA:329,0
DA:330,0
DA:343,0
DA:344,0
DA:345,0
DA:346,0
DA:417,0
DA:427,0
DA:431,0
DA:432,0
DA:492,4
DA:513,0
DA:530,0
DA:531,0
DA:532,0
DA:535,0
DA:536,0
DA:540,0
DA:541,0
DA:545,0
DA:546,0
DA:547,0
DA:578,8
DA:593,8
DA:597,4
DA:630,4
DA:633,4
DA:654,0
DA:657,0
DA:702,12
DA:710,24
DA:714,8
DA:715,8
DA:716,8
DA:721,4
DA:722,4
DA:723,4
DA:727,0
DA:730,0
DA:733,4
DA:751,52
DA:754,28
DA:757,28
DA:761,44
DA:789,0
DA:790,0
DA:797,4
DA:798,4
DA:799,4
DA:852,20
DA:856,3
DA:857,3
DA:858,3
DA:862,16
DA:889,0
DA:892,6
DA:895,6
DA:899,3
DA:907,3
DA:914,11
DA:917,4
DA:918,4
DA:926,7
DA:936,3
DA:937,3
DA:938,3
DA:945,3
DA:946,3
DA:947,0
DA:949,3
DA:953,3
DA:954,3
DA:955,0
DA:957,3
DA:960,4
DA:961,4
DA:965,4
DA:966,4
DA:970,20
DA:971,20
DA:976,12
DA:977,12
DA:981,0
DA:982,0
DA:986,12
DA:987,12
DA:991,16
DA:992,16
DA:1078,3
DA:1096,3
DA:1100,0
DA:1115,3
DA:1119,0
DA:1143,1
DA:1144,1
DA:1145,1
DA:1146,1
DA:1147,1
DA:1148,3
DA:1151,3
DA:1154,4
DA:1155,0
DA:1156,4
DA:1157,3
DA:1159,3
DA:1162,1
DA:1163,1
DA:1164,0
DA:1165,0
DA:1166,1
DA:1412,74
DA:1413,26
DA:1504,0
DA:1511,0
DA:1523,1
DA:1527,1
DA:1528,1
DA:1531,0
DA:1551,1
DA:1554,1
DA:1730,24
DA:1734,24
DA:1736,24
DA:1737,24
DA:1740,0
DA:1741,0
DA:1742,0
DA:1744,0
DA:1745,0
DA:1746,0
DA:1752,0
DA:1753,0
DA:1786,0
DA:1790,0
DA:2472,1
DA:2473,1
LF:143
LH:89
end_of_record
TN:
SF:/opt/ros/humble/src/gtest_vendor/include/gtest/internal/gtest-death-test-internal.h
DA:86,0
DA:148,1
DA:268,0
DA:272,0
DA:273,0
DA:275,0
DA:276,0
DA:277,0
DA:278,0
DA:280,0
DA:281,0
DA:282,0
DA:283,0
LF:13
LH:1
end_of_record
TN:
SF:/opt/ros/humble/src/gtest_vendor/include/gtest/internal/gtest-filepath.h
DA:64,3
DA:65,0
DA:67,4
DA:68,4
DA:69,4
DA:71,0
DA:72,0
DA:73,0
DA:76,1
DA:77,1
DA:78,1
DA:80,1
DA:81,4
DA:114,5
LF:14
LH:10
end_of_record
TN:
SF:/opt/ros/humble/src/gtest_vendor/include/gtest/internal/gtest-internal.h
DA:286,48
DA:313,48
DA:316,0
DA:322,48
DA:325,48
DA:334,24
DA:337,24
DA:339,24
DA:340,24
DA:365,48
DA:366,48
DA:368,8
DA:371,40
DA:377,24
DA:379,24
DA:380,24
DA:381,24
DA:423,5
DA:428,5
DA:442,4
DA:449,4
DA:460,4
DA:481,4
DA:482,4
DA:494,16
DA:496,16
DA:509,4
DA:512,4
DA:514,4
DA:516,4
DA:519,0
DA:521,4
DA:524,4
DA:527,4
DA:529,4
DA:531,4
DA:534,0
DA:536,4
DA:629,0
DA:630,0
DA:631,0
DA:632,0
DA:634,0
DA:635,0
DA:640,0
DA:641,0
DA:642,0
DA:817,0
DA:837,1
DA:839,0
LF:50
LH:36
end_of_record
TN:
SF:/opt/ros/humble/src/gtest_vendor/include/gtest/internal/gtest-param-util.h
DA:659,1
DA:660,1
DA:661,1
DA:662,0
DA:664,1
DA:697,1
DA:698,1
DA:699,0
DA:701,1
LF:9
LH:7
end_of_record
TN:
SF:/opt/ros/humble/src/gtest_vendor/include/gtest/internal/gtest-port.h
DA:957,0
DA:971,0
DA:972,0
DA:1050,0
DA:1099,0
DA:1101,0
DA:1107,0
DA:1632,0
DA:1633,0
DA:1634,0
DA:1635,0
DA:1636,0
DA:1639,0
DA:1644,0
DA:1645,0
DA:1646,0
DA:1689,10
DA:1690,10
DA:1691,10
DA:1692,10
DA:1693,10
DA:1694,10
DA:1695,10
DA:1708,0
DA:1709,0
DA:1711,0
DA:1729,0
DA:1734,2
DA:1735,2
DA:1736,2
DA:1742,1
DA:1743,1
DA:1744,1
DA:1745,1
DA:1746,1
DA:1748,2
DA:1750,2
DA:1754,2
DA:1755,2
DA:1757,0
DA:1758,0
DA:1759,0
DA:1760,0
DA:1766,0
DA:1767,0
DA:1769,0
DA:1776,2
DA:1780,2
DA:1782,2
DA:1785,0
DA:1787,0
DA:1788,0
DA:1789,0
DA:1792,0
DA:1793,0
DA:1794,0
DA:1795,0
DA:1800,2
DA:1801,2
DA:1810,1
DA:1811,0
DA:1819,1
DA:1820,0
DA:1821,0
DA:1917,0
DA:1918,0
DA:1923,0
DA:1924,0
DA:1929,0
DA:1930,0
DA:1932,0
DA:1933,0
DA:1934,0
DA:1940,346
DA:1941,346
DA:1944,0
DA:1945,0
DA:1946,0
DA:1947,0
DA:1948,0
DA:2000,1
DA:2001,1
DA:2002,1
DA:2003,1
DA:2004,1
DA:2006,0
DA:2008,1
DA:2027,1
DA:2028,1
DA:2034,0
DA:2036,0
DA:2038,0
DA:2039,0
DA:2041,0
DA:2042,0
DA:2044,0
DA:2045,0
DA:2047,27
DA:2058,27
DA:2070,0
LF:100
LH:38
end_of_record
TN:
SF:/opt/ros/humble/src/gtest_vendor/src/gtest-death-test.cc
DA:145,0
DA:154,0
DA:155,0
DA:157,0
DA:164,0
DA:165,0
DA:168,0
DA:175,0
DA:182,0
DA:183,0
DA:186,0
DA:195,0
DA:205,0
DA:206,0
DA:214,0
DA:215,0
DA:216,0
DA:217,0
DA:220,0
DA:221,0
DA:226,0
DA:227,0
DA:231,0
DA:232,0
DA:240,0
DA:241,0
DA:242,0
DA:243,0
DA:244,0
DA:245,0
DA:247,0
DA:251,0
DA:252,0
DA:253,0
DA:254,0
DA:255,0
DA:285,0
DA:290,0
DA:291,0
DA:292,0
DA:293,0
DA:294,0
DA:295,0
DA:296,0
DA:298,0
DA:299,0
DA:300,0
DA:338,0
DA:339,0
DA:346,0
DA:347,0
DA:352,0
DA:353,0
DA:354,0
DA:356,0
DA:358,0
DA:359,0
DA:361,0
DA:362,0
DA:363,0
DA:365,0
DA:369,0
DA:370,0
DA:371,0
DA:372,0
DA:375,0
DA:379,0
DA:382,0
DA:383,0
DA:386,0
DA:387,0
DA:390,0
DA:391,0
DA:392,0
DA:399,0
DA:400,0
DA:401,0
DA:402,0
DA:403,0
DA:404,0
DA:405,0
DA:406,0
DA:409,0
DA:414,0
DA:415,0
DA:416,0
DA:417,0
DA:418,0
DA:419,0
DA:420,0
DA:421,0
DA:422,0
DA:423,0
DA:424,0
DA:461,0
DA:470,0
DA:471,0
DA:473,0
DA:474,0
DA:475,0
DA:476,0
DA:477,0
DA:478,0
DA:479,0
DA:480,0
DA:481,0
DA:482,0
DA:483,0
DA:484,0
DA:485,0
DA:486,0
DA:487,0
DA:488,0
DA:489,0
DA:490,0
DA:491,0
DA:492,0
DA:495,0
DA:496,0
DA:498,0
DA:499,0
DA:500,0
DA:502,0
DA:503,0
DA:510,0
DA:514,0
DA:515,0
DA:518,0
DA:527,0
DA:533,0
DA:534,0
DA:535,0
DA:536,0
DA:537,0
DA:538,0
DA:539,0
DA:540,0
DA:542,0
DA:543,0
DA:544,0
DA:545,0
DA:546,0
DA:569,0
DA:570,0
DA:571,0
DA:573,0
DA:575,0
DA:576,0
DA:578,0
DA:579,0
DA:580,0
DA:581,0
DA:582,0
DA:583,0
DA:584,0
DA:585,0
DA:586,0
DA:587,0
DA:588,0
DA:589,0
DA:590,0
DA:591,0
DA:592,0
DA:593,0
DA:594,0
DA:595,0
DA:597,0
DA:598,0
DA:599,0
DA:600,0
DA:601,0
DA:602,0
DA:603,0
DA:605,0
DA:606,0
DA:607,0
DA:609,0
DA:610,0
DA:612,0
DA:613,0
DA:616,0
DA:617,0
DA:618,0
DA:1081,0
DA:1089,0
DA:1090,0
DA:1091,0
DA:1096,0
DA:1097,0
DA:1098,0
DA:1100,0
DA:1103,0
DA:1104,0
DA:1105,0
DA:1112,0
DA:1113,0
DA:1119,0
DA:1120,0
DA:1121,0
DA:1122,0
DA:1126,0
DA:1128,0
DA:1129,0
DA:1137,0
DA:1139,0
DA:1140,0
DA:1141,0
DA:1142,0
DA:1143,0
DA:1144,0
DA:1148,0
DA:1151,0
DA:1152,0
DA:1153,0
DA:1155,0
DA:1156,0
DA:1157,0
DA:1158,0
DA:1167,0
DA:1169,0
DA:1170,0
DA:1171,0
DA:1175,0
DA:1176,0
DA:1182,0
DA:1183,0
DA:1193,0
DA:1195,0
DA:1196,0
DA:1197,0
DA:1198,0
DA:1200,0
DA:1201,0
DA:1202,0
DA:1203,0
DA:1206,0
DA:1207,0
DA:1208,0
DA:1209,0
DA:1210,0
DA:1212,0
DA:1213,0
DA:1214,0
DA:1239,0
DA:1246,0
DA:1247,0
DA:1248,0
DA:1254,0
DA:1256,0
DA:1257,0
DA:1258,0
DA:1259,0
DA:1267,0
DA:1268,0
DA:1269,0
DA:1270,0
DA:1271,0
DA:1290,0
DA:1291,0
DA:1292,0
DA:1293,0
DA:1298,0
DA:1299,0
DA:1301,0
DA:1302,0
DA:1313,0
DA:1314,0
DA:1315,0
DA:1355,0
DA:1356,0
DA:1357,0
DA:1358,0
DA:1363,0
DA:1365,0
DA:1366,0
DA:1367,0
DA:1369,0
DA:1371,0
DA:1379,0
DA:1380,0
DA:1381,0
DA:1382,0
DA:1383,0
DA:1387,0
DA:1389,0
DA:1395,0
DA:1396,0
DA:1397,0
DA:1401,0
DA:1405,0
DA:1406,0
DA:1413,0
DA:1414,0
DA:1416,0
DA:1417,0
DA:1418,0
DA:1420,0
DA:1421,0
DA:1422,0
DA:1426,0
DA:1429,0
DA:1431,0
DA:1432,0
DA:1433,0
DA:1435,0
DA:1436,0
DA:1437,0
DA:1438,0
DA:1439,0
DA:1440,0
DA:1441,0
DA:1442,0
DA:1444,0
DA:1446,0
DA:1449,0
DA:1451,0
DA:1452,0
DA:1453,0
DA:1454,0
DA:1455,0
DA:1456,0
DA:1457,0
DA:1466,0
DA:1470,0
DA:1472,0
DA:1474,0
DA:1476,0
DA:1477,0
DA:1478,0
DA:1479,0
DA:1480,0
DA:1481,0
DA:1482,0
DA:1485,0
DA:1486,0
DA:1487,0
DA:1488,0
DA:1508,0
DA:1509,0
DA:1510,0
DA:1511,0
DA:1517,0
DA:1518,0
DA:1519,0
DA:1520,0
DA:1523,0
DA:1595,1
DA:1596,1
DA:1600,0
DA:1601,0
DA:1602,0
DA:1603,0
DA:1604,0
DA:1636,0
DA:1637,0
DA:1638,0
DA:1639,0
DA:1640,0
DA:1641,0
DA:1646,0
DA:1647,0
LF:361
LH:2
end_of_record
TN:
SF:/opt/ros/humble/src/gtest_vendor/src/gtest-filepath.cc
DA:85,446
DA:89,446
DA:94,1
DA:104,1
DA:105,1
DA:112,2
DA:120,0
DA:121,0
DA:122,0
DA:123,0
DA:124,0
DA:126,0
DA:127,0
DA:132,1
DA:133,1
DA:142,1
DA:151,0
DA:152,0
DA:153,0
DA:162,1
DA:163,1
DA:164,1
DA:165,1
DA:166,2
DA:168,0
DA:170,2
DA:171,1
DA:179,0
DA:183,0
DA:184,0
DA:185,0
DA:187,0
DA:188,0
DA:190,0
DA:191,0
DA:195,0
DA:197,0
DA:198,0
DA:199,0
DA:200,0
DA:201,0
DA:205,0
DA:213,0
DA:219,1
DA:220,1
DA:227,1
DA:240,2
DA:241,1
DA:244,1
DA:249,0
DA:253,0
DA:258,1
DA:259,1
DA:267,1
DA:279,0
DA:282,0
DA:283,0
DA:285,0
DA:286,0
DA:287,0
DA:288,0
DA:293,2
DA:294,4
DA:295,4
DA:301,1
DA:302,1
DA:303,0
DA:306,1
DA:307,1
DA:310,0
DA:311,0
DA:312,0
DA:318,0
DA:327,0
DA:330,0
DA:331,0
DA:333,0
DA:339,0
DA:340,0
DA:341,0
DA:342,0
DA:348,4
DA:349,4
DA:350,0
DA:351,0
DA:353,4
DA:354,4
DA:355,4
DA:356,4
DA:358,373
DA:359,369
DA:360,369
DA:361,332
DA:368,74
DA:369,37
DA:371,369
DA:373,4
DA:374,4
DA:375,4
LF:99
LH:48
end_of_record
TN:
SF:/opt/ros/humble/src/gtest_vendor/src/gtest-internal-inl.h
DA:130,0
DA:131,0
DA:132,0
DA:133,0
DA:137,0
DA:138,0
DA:140,0
DA:146,0
DA:147,0
DA:148,0
DA:149,0
DA:150,0
DA:151,0
DA:159,4
DA:160,4
DA:161,4
DA:162,4
DA:163,4
DA:164,4
DA:165,4
DA:166,4
DA:167,4
DA:168,4
DA:169,4
DA:170,4
DA:171,4
DA:172,4
DA:173,4
DA:174,4
DA:175,4
DA:176,4
DA:177,4
DA:178,4
DA:181,4
DA:182,4
DA:183,4
DA:184,4
DA:185,4
DA:186,4
DA:187,4
DA:188,4
DA:189,4
DA:190,4
DA:191,4
DA:192,4
DA:193,4
DA:194,4
DA:195,4
DA:196,4
DA:197,4
DA:198,4
DA:199,4
DA:200,4
DA:280,89
DA:283,89
DA:284,169
DA:285,80
DA:286,38
DA:288,89
DA:293,11
DA:294,11
DA:295,11
DA:300,21
DA:301,42
DA:302,42
DA:310,0
DA:312,0
DA:313,0
DA:314,0
DA:315,0
DA:316,0
DA:317,0
DA:318,0
DA:322,0
DA:323,0
DA:324,0
DA:326,0
DA:327,0
DA:328,0
DA:330,0
DA:334,0
DA:335,0
DA:336,0
DA:341,9
DA:342,9
DA:343,9
DA:353,0
DA:356,0
DA:357,0
DA:421,1
DA:422,1
DA:448,1
DA:575,1
DA:578,2
DA:582,2
DA:586,2
DA:587,2
DA:592,6
DA:593,6
DA:594,6
DA:599,0
DA:604,3
DA:605,3
DA:606,3
DA:610,10
DA:617,3
DA:673,4
DA:683,4
DA:684,1
DA:685,1
DA:686,0
DA:691,4
DA:692,4
DA:696,0
DA:697,0
DA:701,6
DA:702,6
DA:703,6
DA:708,8
DA:709,8
DA:710,8
DA:727,1
DA:728,1
DA:729,1
DA:758,4
DA:759,4
DA:760,0
DA:764,0
DA:767,0
DA:768,0
DA:775,1
DA:776,1
DA:777,1
DA:782,0
DA:783,0
DA:787,0
DA:788,0
DA:814,0
DA:817,0
DA:828,27
DA:835,1
DA:950,65
DA:951,65
DA:990,0
DA:994,0
DA:995,0
DA:997,0
DA:1012,0
DA:1016,0
DA:1018,0
DA:1020,0
DA:1021,0
DA:1022,0
DA:1023,0
DA:1025,0
DA:1061,0
DA:1067,0
DA:1070,0
DA:1076,0
DA:1077,0
DA:1078,0
DA:1079,0
DA:1081,0
DA:1082,0
DA:1083,0
DA:1084,0
DA:1087,0
DA:1088,0
DA:1089,0
DA:1091,0
DA:1092,0
DA:1093,0
DA:1095,0
DA:1097,0
DA:1104,0
DA:1105,0
DA:1106,0
DA:1108,0
DA:1109,0
DA:1110,0
DA:1122,0
DA:1123,0
DA:1124,0
DA:1125,0
DA:1130,0
DA:1131,0
DA:1132,0
DA:1134,0
DA:1137,0
DA:1140,0
DA:1141,0
DA:1143,0
DA:1145,0
DA:1146,0
DA:1147,0
DA:1149,0
DA:1151,0
DA:1152,0
DA:1153,0
DA:1154,0
DA:1158,0
DA:1159,0
DA:1160,0
DA:1164,0
DA:1165,0
DA:1166,0
DA:1168,0
DA:1170,0
DA:1171,0
DA:1172,0
DA:1174,0
DA:1175,0
DA:1176,0
DA:1177,0
DA:1178,0
DA:1179,0
DA:1181,0
DA:1182,0
DA:1183,0
DA:1184,0
DA:1185,0
DA:1186,0
DA:1187,0
DA:1191,0
DA:1195,0
DA:1197,0
LF:226
LH:95
end_of_record
TN:
SF:/opt/ros/humble/src/gtest_vendor/src/gtest-matchers.cc
DA:45,0
DA:49,0
DA:50,0
DA:51,0
DA:55,0
DA:59,0
LF:6
LH:0
end_of_record
TN:
SF:/opt/ros/humble/src/gtest_vendor/src/gtest-port.cc
DA:104,0
DA:105,0
DA:106,0
DA:107,0
DA:108,0
DA:110,0
DA:111,0
DA:112,0
DA:113,0
DA:117,0
DA:119,0
DA:120,0
DA:121,0
DA:706,0
DA:707,0
DA:712,0
DA:713,0
DA:715,0
DA:716,0
DA:719,0
DA:720,0
DA:723,0
DA:728,0
DA:729,0
DA:732,0
DA:736,0
DA:737,0
DA:741,0
DA:742,0
DA:744,0
DA:745,0
DA:754,0
DA:755,0
DA:756,0
DA:758,0
DA:759,0
DA:760,0
DA:762,0
DA:763,0
DA:1018,0
DA:1019,0
DA:1021,0
DA:1022,0
DA:1027,0
DA:1029,0
DA:1036,0
DA:1038,0
DA:1040,0
DA:1041,0
DA:1043,0
DA:1044,0
DA:1046,0
DA:1047,0
DA:1048,0
DA:1052,0
DA:1053,0
DA:1054,0
DA:1057,0
DA:1058,0
DA:1059,0
DA:1060,0
DA:1061,0
DA:1063,0
DA:1075,0
DA:1110,0
DA:1112,0
DA:1113,0
DA:1114,0
DA:1116,0
DA:1118,0
DA:1120,0
DA:1121,0
DA:1122,0
DA:1123,0
DA:1125,0
DA:1126,0
DA:1127,0
DA:1129,0
DA:1130,0
DA:1132,0
DA:1133,0
DA:1134,0
DA:1135,0
DA:1138,0
DA:1139,0
DA:1140,0
DA:1141,0
DA:1143,0
DA:1144,0
DA:1145,0
DA:1146,0
DA:1163,0
DA:1165,0
DA:1166,0
DA:1167,0
DA:1169,0
DA:1170,0
DA:1173,0
DA:1174,0
DA:1176,0
DA:1177,0
DA:1179,0
DA:1180,0
DA:1183,0
DA:1184,0
DA:1185,0
DA:1188,0
DA:1189,0
DA:1190,0
DA:1193,0
DA:1194,0
DA:1198,0
DA:1199,0
DA:1208,0
DA:1209,0
DA:1210,0
DA:1213,0
DA:1214,0
DA:1215,0
DA:1217,0
DA:1218,0
DA:1220,0
DA:1225,0
DA:1226,0
DA:1227,0
DA:1229,0
DA:1230,0
DA:1232,0
DA:1233,0
DA:1239,0
DA:1240,0
DA:1241,0
DA:1243,0
DA:1246,0
DA:1247,0
DA:1248,0
DA:1249,0
DA:1251,0
DA:1252,0
DA:1253,0
DA:1254,0
DA:1256,0
DA:1257,0
DA:1258,0
DA:1259,0
DA:1274,18
DA:1276,18
DA:1278,18
DA:1279,364
DA:1280,346
DA:1283,36
DA:1284,18
DA:1289,0
DA:1291,0
DA:1292,0
DA:1295,0
DA:1297,0
DA:1298,0
DA:1299,0
DA:1300,0
DA:1301,0
DA:1302,0
DA:1303,0
DA:1304,0
DA:1307,0
DA:1308,0
DA:1311,0
DA:1314,0
DA:1315,0
DA:1316,0
DA:1317,0
DA:1318,0
DA:1319,0
DA:1320,0
DA:1321,0
DA:1323,0
DA:1324,0
DA:1331,9
DA:1335,9
DA:1336,9
DA:1337,9
DA:1338,9
DA:1340,9
DA:1345,3
DA:1349,3
DA:1350,3
DA:1351,3
DA:1353,3
DA:1356,0
DA:1357,0
DA:1359,0
DA:1360,0
DA:1361,0
DA:1362,0
DA:1365,0
DA:1367,3
DA:1377,1
DA:1378,1
DA:1379,1
DA:1380,1
DA:1381,0
DA:1383,2
DA:1384,1
DA:1388,6
DA:1392,6
DA:1393,6
DA:1394,12
DA:1396,6
LF:208
LH:30
end_of_record
TN:
SF:/opt/ros/humble/src/gtest_vendor/src/gtest-printers.cc
DA:64,0
DA:66,0
DA:67,0
DA:68,0
DA:69,0
DA:72,0
DA:73,0
DA:75,0
DA:77,0
DA:78,0
DA:80,0
DA:83,0
DA:86,0
DA:88,0
DA:89,0
DA:93,0
DA:94,0
DA:96,0
DA:97,0
DA:99,0
DA:100,0
DA:102,0
DA:103,0
DA:114,0
DA:116,0
DA:117,0
DA:137,0
DA:138,0
DA:146,0
DA:147,0
DA:148,0
DA:149,0
DA:150,0
DA:151,0
DA:152,0
DA:153,0
DA:154,0
DA:155,0
DA:156,0
DA:157,0
DA:158,0
DA:159,0
DA:160,0
DA:161,0
DA:162,0
DA:163,0
DA:164,0
DA:165,0
DA:166,0
DA:167,0
DA:168,0
DA:169,0
DA:170,0
DA:171,0
DA:172,0
DA:173,0
DA:174,0
DA:175,0
DA:176,0
DA:177,0
DA:178,0
DA:179,0
DA:180,0
DA:181,0
DA:182,0
DA:184,0
DA:185,0
DA:186,0
DA:187,0
DA:188,0
DA:191,0
DA:196,0
DA:197,0
DA:198,0
DA:199,0
DA:200,0
DA:201,0
DA:202,0
DA:203,0
DA:204,0
DA:205,0
DA:211,0
DA:212,0
DA:213,0
DA:221,0
DA:223,0
DA:224,0
DA:225,0
DA:230,0
DA:231,0
DA:232,0
DA:237,0
DA:240,0
DA:242,0
DA:245,0
DA:246,0
DA:247,0
DA:248,0
DA:249,0
DA:250,0
DA:254,0
DA:255,0
DA:256,0
DA:267,0
DA:269,0
DA:270,0
DA:271,0
DA:272,0
DA:273,0
DA:274,0
DA:275,0
DA:279,0
DA:281,0
DA:283,0
DA:284,0
DA:287,0
DA:288,0
DA:298,0
DA:307,0
DA:308,0
DA:309,0
DA:316,0
DA:317,0
DA:321,0
DA:322,0
DA:323,0
DA:327,0
DA:328,0
DA:329,0
DA:332,0
DA:333,0
DA:334,0
DA:336,0
DA:337,0
DA:339,0
DA:349,0
DA:350,0
DA:351,0
DA:353,0
DA:354,0
DA:356,0
DA:361,0
DA:362,0
DA:364,0
DA:365,0
DA:366,0
DA:367,0
DA:368,0
DA:371,0
DA:372,0
DA:373,0
DA:377,0
DA:380,0
DA:382,0
DA:383,0
DA:385,0
DA:386,0
DA:388,0
DA:389,0
DA:391,0
DA:392,0
DA:393,0
DA:394,0
DA:395,0
DA:396,0
DA:397,0
DA:399,0
DA:400,0
DA:401,0
DA:402,0
DA:403,0
DA:404,0
DA:405,0
DA:407,0
DA:408,0
DA:409,0
DA:411,0
DA:414,0
DA:417,0
DA:418,0
DA:419,0
DA:420,0
DA:422,0
DA:426,0
DA:427,0
DA:428,0
DA:429,0
DA:432,0
DA:435,0
DA:436,0
DA:437,0
LF:191
LH:0
end_of_record
TN:
SF:/opt/ros/humble/src/gtest_vendor/src/gtest-test-part.cc
DA:42,0
DA:43,0
DA:44,0
DA:48,0
DA:49,0
DA:50,0
DA:52,0
DA:53,0
DA:54,0
DA:55,0
DA:58,0
DA:62,0
DA:63,0
DA:64,0
DA:67,0
DA:68,0
DA:69,0
DA:70,0
DA:73,0
DA:77,0
DA:78,0
DA:83,0
DA:84,0
DA:85,0
DA:86,0
DA:87,0
DA:88,0
DA:90,0
DA:91,0
DA:93,0
DA:95,0
DA:97,0
DA:98,0
DA:99,0
DA:100,0
LF:35
LH:0
end_of_record
TN:
SF:/opt/ros/humble/src/gtest_vendor/src/gtest-typed-test.cc
DA:42,0
DA:43,0
DA:44,0
DA:45,0
DA:48,0
DA:49,0
DA:50,0
DA:51,0
DA:52,0
DA:54,0
DA:55,0
DA:60,0
DA:63,0
DA:65,0
DA:67,0
DA:69,0
DA:70,0
DA:71,0
DA:72,0
DA:73,0
DA:74,0
DA:75,0
DA:78,0
DA:79,0
DA:80,0
DA:81,0
DA:82,0
DA:83,0
DA:84,0
DA:88,0
DA:89,0
DA:91,0
DA:92,0
DA:96,0
DA:97,0
DA:98,0
DA:99,0
DA:100,0
DA:104,0
DA:105,0
DA:106,0
DA:108,0
DA:109,0
DA:112,0
DA:113,0
LF:45
LH:0
end_of_record
TN:
SF:/opt/ros/humble/src/gtest_vendor/src/gtest.cc
DA:185,1
DA:186,1
DA:187,1
DA:188,1
DA:190,1
DA:191,1
DA:193,1
DA:194,0
DA:196,1
DA:197,1
DA:203,1
DA:205,1
DA:206,1
DA:207,0
DA:209,1
DA:333,0
DA:336,0
DA:338,0
DA:339,0
DA:340,0
DA:341,0
DA:342,0
DA:347,0
DA:353,2
DA:358,9
DA:360,9
DA:361,36
DA:362,27
DA:364,9
DA:368,0
DA:369,0
DA:373,6
DA:374,6
DA:379,6
DA:380,6
DA:384,0
DA:387,0
DA:388,0
DA:389,0
DA:391,0
DA:392,0
DA:393,0
DA:396,0
DA:398,0
DA:399,0
DA:401,0
DA:404,0
DA:409,2
DA:416,2
DA:422,0
DA:423,0
DA:428,0
DA:431,0
DA:432,0
DA:437,2
DA:438,2
DA:439,2
DA:441,2
DA:443,6
DA:448,1
DA:449,1
DA:451,1
DA:452,1
DA:453,0
DA:455,1
DA:456,1
DA:457,0
DA:458,0
DA:460,0
DA:461,0
DA:463,1
DA:464,1
DA:465,0
DA:466,0
DA:467,0
DA:469,1
DA:470,1
DA:473,0
DA:474,0
DA:475,0
DA:476,1
DA:483,781
DA:485,781
DA:486,8
DA:488,8
DA:489,0
DA:490,0
DA:491,460
DA:492,768
DA:493,768
DA:494,313
DA:495,314
DA:496,314
DA:500,19
DA:502,19
DA:504,30
DA:505,4
DA:509,26
DA:512,26
DA:513,15
DA:517,11
DA:523,4
DA:525,4
DA:529,4
DA:530,4
DA:531,4
DA:532,4
DA:533,4
DA:534,4
DA:535,4
DA:537,0
DA:538,0
DA:539,0
DA:541,0
DA:547,8
DA:548,8
DA:549,4
DA:584,0
DA:585,0
DA:586,0
DA:587,0
DA:588,0
DA:589,0
DA:594,0
DA:595,0
DA:596,0
DA:597,0
DA:598,0
DA:599,0
DA:601,0
DA:602,0
DA:603,0
DA:604,0
DA:605,0
DA:607,0
DA:608,0
DA:610,0
DA:614,0
DA:615,0
DA:616,0
DA:617,0
DA:619,0
DA:621,0
DA:625,0
DA:627,0
DA:628,0
DA:641,5
DA:642,5
DA:652,0
DA:660,0
DA:661,0
DA:662,0
DA:663,0
DA:664,0
DA:665,0
DA:666,0
DA:668,0
DA:671,0
DA:672,0
DA:673,0
DA:674,0
DA:675,0
DA:678,0
DA:679,0
DA:680,0
DA:681,0
DA:682,0
DA:685,0
DA:686,0
DA:691,0
DA:693,0
DA:694,0
DA:700,0
DA:701,0
DA:702,0
DA:704,1
DA:705,1
DA:707,0
DA:709,0
DA:710,0
DA:711,0
DA:713,1
DA:714,1
DA:716,0
DA:718,0
DA:719,0
DA:723,0
DA:724,0
DA:725,0
DA:726,0
DA:729,0
DA:731,0
DA:732,0
DA:733,0
DA:737,0
DA:738,0
DA:742,0
DA:744,0
DA:745,0
DA:748,0
DA:749,0
DA:753,2
DA:754,2
DA:758,8
DA:759,8
DA:764,2
DA:765,2
DA:769,1
DA:770,1
DA:774,1
DA:775,1
DA:779,2
DA:780,2
DA:784,2
DA:785,2
DA:786,2
DA:790,0
DA:791,0
DA:795,1
DA:796,1
DA:800,0
DA:801,0
DA:805,2
DA:806,2
DA:819,0
DA:820,0
DA:825,0
DA:829,17
DA:861,17
DA:862,17
DA:912,12
DA:913,12
DA:915,1
DA:917,1
DA:924,0
DA:926,0
DA:927,0
DA:928,0
DA:929,0
DA:930,0
DA:932,0
DA:933,0
DA:936,0
DA:940,0
DA:942,0
DA:943,0
DA:944,0
DA:945,0
DA:946,0
DA:947,0
DA:948,0
DA:950,0
DA:951,0
DA:954,0
DA:955,0
DA:964,134
DA:967,134
DA:968,134
DA:972,0
DA:973,0
DA:975,0
DA:976,0
DA:982,0
DA:983,0
DA:984,0
DA:990,134
DA:991,134
DA:996,0
DA:997,0
DA:998,0
DA:999,0
DA:1000,0
DA:1003,0
DA:1005,0
DA:1006,0
DA:1007,0
DA:1010,0
DA:1011,0
DA:1012,0
DA:1013,0
DA:1014,0
DA:1017,25
DA:1018,25
DA:1022,0
DA:1023,0
DA:1028,0
DA:1029,0
DA:1035,0
DA:1038,0
DA:1040,0
DA:1043,0
DA:1044,0
DA:1045,0
DA:1048,0
DA:1049,0
DA:1050,0
DA:1053,0
DA:1054,0
DA:1055,0
DA:1057,0
DA:1058,0
DA:1059,0
DA:1062,0
DA:1063,0
DA:1064,0
DA:1065,0
DA:1066,0
DA:1067,0
DA:1068,0
DA:1069,0
DA:1070,0
DA:1074,0
DA:1075,0
DA:1081,0
DA:1082,0
DA:1083,0
DA:1084,0
DA:1085,0
DA:1086,0
DA:1088,0
DA:1089,0
DA:1090,0
DA:1097,0
DA:1098,0
DA:1099,0
DA:1100,0
DA:1101,0
DA:1111,0
DA:1114,0
DA:1116,0
DA:1117,0
DA:1118,0
DA:1120,0
DA:1121,0
DA:1123,0
DA:1124,0
DA:1125,0
DA:1135,0
DA:1136,0
DA:1137,0
DA:1138,0
DA:1139,0
DA:1140,0
DA:1142,0
DA:1143,0
DA:1144,0
DA:1145,0
DA:1146,0
DA:1147,0
DA:1148,0
DA:1149,0
DA:1150,0
DA:1151,0
DA:1152,0
DA:1153,0
DA:1154,0
DA:1155,0
DA:1156,0
DA:1158,0
DA:1160,0
DA:1161,0
DA:1162,0
DA:1163,0
DA:1164,0
DA:1165,0
DA:1166,0
DA:1168,0
DA:1170,0
DA:1173,0
DA:1174,0
DA:1175,0
DA:1176,0
DA:1182,0
DA:1183,0
DA:1184,0
DA:1185,0
DA:1187,0
DA:1188,0
DA:1190,0
DA:1191,0
DA:1193,0
DA:1194,0
DA:1210,0
DA:1213,0
DA:1215,0
DA:1216,0
DA:1217,0
DA:1219,0
DA:1220,0
DA:1221,0
DA:1222,0
DA:1226,0
DA:1227,0
DA:1228,0
DA:1229,0
DA:1234,0
DA:1235,0
DA:1236,0
DA:1238,0
DA:1239,0
DA:1240,0
DA:1241,0
DA:1243,0
DA:1247,0
DA:1249,0
DA:1251,0
DA:1252,0
DA:1254,0
DA:1255,0
DA:1259,0
DA:1260,0
DA:1263,0
DA:1265,0
DA:1268,0
DA:1269,0
DA:1270,0
DA:1271,0
DA:1280,0
DA:1281,0
DA:1282,0
DA:1283,0
DA:1284,0
DA:1285,0
DA:1287,0
DA:1288,0
DA:1289,0
DA:1290,0
DA:1291,0
DA:1292,0
DA:1293,0
DA:1296,0
DA:1299,0
DA:1300,0
DA:1301,0
DA:1320,0
DA:1325,0
DA:1326,0
DA:1327,0
DA:1328,0
DA:1329,0
DA:1331,0
DA:1332,0
DA:1333,0
DA:1336,0
DA:1337,0
DA:1340,0
DA:1342,0
DA:1344,0
DA:1345,0
DA:1346,0
DA:1347,0
DA:1349,0
DA:1351,0
DA:1352,0
DA:1355,0
DA:1360,0
DA:1361,0
DA:1362,0
DA:1363,0
DA:1364,0
DA:1365,0
DA:1366,0
DA:1367,0
DA:1368,0
DA:1371,0
DA:1377,0
DA:1378,0
DA:1380,0
DA:1381,0
DA:1382,0
DA:1383,0
DA:1384,0
DA:1385,0
DA:1391,0
DA:1396,0
DA:1397,0
DA:1401,0
DA:1402,0
DA:1403,0
DA:1410,0
DA:1411,0
DA:1412,0
DA:1414,0
DA:1415,0
DA:1416,0
DA:1419,0
DA:1420,0
DA:1421,0
DA:1422,0
DA:1428,0
DA:1430,0
DA:1435,0
DA:1437,0
DA:1444,0
DA:1448,0
DA:1449,0
DA:1454,0
DA:1455,0
DA:1456,0
DA:1477,0
DA:1480,0
DA:1483,0
DA:1486,0
DA:1489,0
DA:1494,0
DA:1498,0
DA:1499,0
DA:1504,0
DA:1505,0
DA:1506,0
DA:1510,0
DA:1514,0
DA:1515,0
DA:1520,0
DA:1521,0
DA:1522,0
DA:1526,0
DA:1530,0
DA:1531,0
DA:1533,0
DA:1534,0
DA:1535,0
DA:1540,0
DA:1544,0
DA:1545,0
DA:1547,0
DA:1548,0
DA:1549,0
DA:1550,0
DA:1564,0
DA:1565,0
DA:1567,0
DA:1570,0
DA:1571,0
DA:1573,0
DA:1578,0
DA:1580,0
DA:1588,0
DA:1592,0
DA:1593,0
DA:1595,0
DA:1596,0
DA:1598,0
DA:1599,0
DA:1600,0
DA:1601,0
DA:1602,0
DA:1611,0
DA:1614,0
DA:1617,0
DA:1620,0
DA:1623,0
DA:1626,0
DA:1629,0
DA:1632,0
DA:1635,0
DA:1638,0
DA:1641,0
DA:1644,0
DA:1648,0
DA:1651,0
DA:1654,0
DA:1657,0
DA:1752,0
DA:1753,0
DA:1754,0
DA:1755,0
DA:1764,0
DA:1765,0
DA:1766,0
DA:1770,0
DA:1771,0
DA:1772,0
DA:1773,0
DA:1774,0
DA:1775,0
DA:1776,0
DA:1777,0
DA:1778,0
DA:1779,0
DA:1780,0
DA:1781,0
DA:1783,0
DA:1784,0
DA:1785,0
DA:1786,0
DA:1787,0
DA:1789,0
DA:1799,0
DA:1801,0
DA:1805,0
DA:1807,0
DA:1808,0
DA:1809,0
DA:1815,0
DA:1831,0
DA:1832,0
DA:1833,0
DA:1835,0
DA:1836,0
DA:1839,0
DA:1840,0
DA:1841,0
DA:1842,0
DA:1843,0
DA:1844,0
DA:1846,0
DA:1849,0
DA:1851,0
DA:1852,0
DA:1856,0
DA:1857,0
DA:1859,0
DA:1868,0
DA:1869,0
DA:1871,0
DA:1873,0
DA:1877,0
DA:1881,0
DA:1882,0
DA:1887,0
DA:1888,0
DA:1889,0
DA:1893,0
DA:1897,0
DA:1898,0
DA:1901,0
DA:1902,0
DA:1903,0
DA:1904,0
DA:1913,1
DA:1914,1
DA:1915,1
DA:1916,1
DA:1931,0
DA:1933,0
DA:1935,0
DA:1940,0
DA:1955,0
DA:1957,0
DA:1958,0
DA:1959,0
DA:1960,0
DA:1961,0
DA:1965,40
DA:1966,40
DA:1967,40
DA:1968,80
DA:1969,40
DA:1972,0
DA:1973,0
DA:1974,0
DA:1975,0
DA:1976,0
DA:1979,0
DA:1980,0
DA:1984,0
DA:1985,0
DA:1986,0
DA:1987,0
DA:1988,0
DA:1989,0
DA:1993,135
DA:1994,135
DA:1995,135
DA:1996,135
DA:1998,135
DA:1999,135
DA:2000,2878
DA:2001,2743
DA:2002,0
DA:2004,2743
DA:2008,270
DA:2009,135
DA:2012,0
DA:2015,0
DA:2016,0
DA:2017,0
DA:2020,0
DA:2021,0
DA:2028,8
DA:2029,8
DA:2032,8
DA:2033,8
DA:2038,0
DA:2039,0
DA:2040,0
DA:2041,0
DA:2047,0
DA:2048,0
DA:2049,0
DA:2050,0
DA:2054,0
DA:2055,0
DA:2056,0
DA:2059,0
DA:2060,0
DA:2061,0
DA:2066,0
DA:2068,0
DA:2069,0
DA:2071,0
DA:2073,0
DA:2074,0
DA:2075,0
DA:2076,0
DA:2077,0
DA:2079,0
DA:2080,0
DA:2112,52
DA:2113,104
DA:2116,0
DA:2118,0
DA:2119,0
DA:2120,0
DA:2121,0
DA:2122,0
DA:2123,0
DA:2125,0
DA:2128,0
DA:2132,52
DA:2134,52
DA:2135,7
DA:2136,45
DA:2137,21
DA:2138,24
DA:2139,24
DA:2141,0
DA:2144,0
DA:2147,0
DA:2148,0
DA:2149,0
DA:2150,0
DA:2151,0
DA:2153,0
DA:2154,0
DA:2156,0
DA:2158,0
DA:2159,0
DA:2161,0
DA:2164,0
DA:2165,0
DA:2166,0
DA:2167,0
DA:2168,0
DA:2169,0
DA:2171,0
DA:2176,0
DA:2178,0
DA:2179,0
DA:2183,7
DA:2184,7
DA:2185,7
DA:2186,7
DA:2187,7
DA:2188,7
DA:2191,0
DA:2192,0
DA:2196,25
DA:2197,25
DA:2201,59
DA:2202,59
DA:2203,0
DA:2204,0
DA:2206,59
DA:2210,0
DA:2211,0
DA:2215,9
DA:2216,9
DA:2220,0
DA:2221,0
DA:2225,0
DA:2226,0
DA:2231,63
DA:2232,63
DA:2236,8
DA:2237,8
DA:2245,4
DA:2246,4
DA:2247,4
DA:2252,4
DA:2253,4
DA:2258,4
DA:2259,4
DA:2264,4
DA:2265,4
DA:2268,0
DA:2269,0
DA:2270,0
DA:2273,0
DA:2274,0
DA:2275,0
DA:2276,0
DA:2277,0
DA:2281,0
DA:2285,0
DA:2291,0
DA:2300,4
DA:2301,4
DA:2302,4
DA:2305,4
DA:2306,4
DA:2307,4
DA:2310,4
DA:2311,4
DA:2312,4
DA:2314,4
DA:2316,0
DA:2318,0
DA:2320,0
DA:2327,0
DA:2329,0
DA:2332,0
DA:2333,0
DA:2334,0
DA:2335,0
DA:2336,0
DA:2337,0
DA:2338,0
DA:2339,0
DA:2340,0
DA:2341,0
DA:2344,0
DA:2345,0
DA:2346,0
DA:2347,0
DA:2348,0
DA:2349,0
DA:2350,0
DA:2351,0
DA:2352,0
DA:2353,0
DA:2355,0
DA:2358,4
DA:2383,0
DA:2385,0
DA:2386,0
DA:2387,0
DA:2389,0
DA:2391,0
DA:2393,0
DA:2394,0
DA:2399,0
DA:2400,0
DA:2401,0
DA:2414,27
DA:2433,27
DA:2441,27
DA:2466,27
DA:2469,27
DA:2470,0
DA:2472,0
DA:2476,0
DA:2477,0
DA:2478,0
DA:2480,0
DA:2481,0
DA:2482,0
DA:2486,0
DA:2491,0
DA:2498,4
DA:2499,4
DA:2501,4
DA:2502,4
DA:2503,4
DA:2506,4
DA:2507,4
DA:2508,4
DA:2515,4
DA:2516,4
DA:2521,9
DA:2522,9
DA:2526,0
DA:2528,0
DA:2532,9
DA:2533,9
DA:2540,4
DA:2545,4
DA:2546,4
DA:2547,4
DA:2548,4
DA:2549,4
DA:2550,4
DA:2551,4
DA:2552,4
DA:2553,4
DA:2554,4
DA:2555,4
DA:2556,4
DA:2559,4
DA:2581,4
DA:2588,20
DA:2589,4
DA:2590,4
DA:2593,0
DA:2595,0
DA:2597,0
DA:2598,0
DA:2599,0
DA:2600,0
DA:2601,0
DA:2602,0
DA:2603,0
DA:2604,0
DA:2606,0
DA:2608,0
DA:2609,0
DA:2646,1
DA:2647,1
DA:2648,1
DA:2649,1
DA:2651,1
DA:2657,4
DA:2658,4
DA:2661,4
DA:2662,4
DA:2664,4
DA:2667,4
DA:2669,4
DA:2671,4
DA:2674,8
DA:2675,4
DA:2681,4
DA:2684,4
DA:2687,4
DA:2689,4
DA:2690,4
DA:2694,4
DA:2695,4
DA:2698,4
DA:2702,4
DA:2708,3
DA:2709,3
DA:2713,3
DA:2714,3
DA:2718,15
DA:2719,15
DA:2723,9
DA:2724,9
DA:2728,0
DA:2729,0
DA:2733,9
DA:2734,9
DA:2738,12
DA:2739,12
DA:2743,14
DA:2744,14
DA:2756,3
DA:2758,3
DA:2759,3
DA:2760,3
DA:2761,3
DA:2762,3
DA:2763,3
DA:2764,3
DA:2765,6
DA:2768,9
DA:2770,3
DA:2771,6
DA:2775,8
DA:2776,8
DA:2777,8
DA:2782,4
DA:2783,4
DA:2784,4
DA:2789,4
DA:2790,4
DA:2791,4
DA:2792,4
DA:2795,3
DA:2796,3
DA:2798,3
DA:2799,3
DA:2801,3
DA:2804,3
DA:2807,3
DA:2810,3
DA:2811,3
DA:2814,3
DA:2815,7
DA:2816,4
DA:2818,3
DA:2820,3
DA:2821,3
DA:2825,3
DA:2828,3
DA:2831,3
DA:2835,3
DA:2836,3
DA:2837,3
DA:2838,3
DA:2841,0
DA:2842,0
DA:2843,0
DA:2846,3
DA:2847,7
DA:2848,4
DA:2850,3
DA:2857,11
DA:2860,22
DA:2861,33
DA:2865,3
DA:2866,3
DA:2870,2
DA:2871,2
DA:2878,0
DA:2879,0
DA:2880,0
DA:2881,0
DA:2882,0
DA:2883,0
DA:2885,0
DA:2890,0
DA:2892,0
DA:2893,0
DA:2900,0
DA:2902,0
DA:2903,0
DA:2904,0
DA:2905,0
DA:2906,0
DA:2910,0
DA:2912,0
DA:2913,0
DA:2914,0
DA:2926,0
DA:2977,0
DA:2978,0
DA:2979,0
DA:2980,0
DA:2981,0
DA:2982,0
DA:2983,0
DA:2990,1
DA:2991,1
DA:2993,1
DA:3000,1
DA:3002,1
DA:3003,1
DA:3004,1
DA:3005,1
DA:3006,1
DA:3007,1
DA:3008,1
DA:3009,1
DA:3010,1
DA:3011,3
DA:3012,1
DA:3013,1
DA:3017,0
DA:3018,0
DA:3019,0
DA:3020,0
DA:3030,19
DA:3032,19
DA:3039,19
DA:3040,19
DA:3043,19
DA:3044,19
DA:3045,19
DA:3046,19
DA:3071,0
DA:3072,0
DA:3073,0
DA:3075,0
DA:3083,0
DA:3084,0
DA:3085,0
DA:3087,0
DA:3088,0
DA:3089,0
DA:3090,0
DA:3091,0
DA:3093,0
DA:3094,0
DA:3097,0
DA:3104,1
DA:3105,8
DA:3106,8
DA:3107,8
DA:3110,1
DA:3113,1
DA:3131,1
DA:3133,1
DA:3141,1
DA:3143,1
DA:3144,0
DA:3146,1
DA:3150,1
DA:3151,0
DA:3155,1
DA:3156,0
DA:3157,0
DA:3163,1
DA:3164,0
DA:3169,1
DA:3170,2
DA:3171,2
DA:3172,2
DA:3173,1
DA:3174,1
DA:3176,1
DA:3178,1
DA:3179,1
DA:3180,1
DA:3181,1
DA:3184,3
DA:3186,3
DA:3187,3
DA:3188,3
DA:3189,3
DA:3190,3
DA:3192,0
DA:3194,3
DA:3195,3
DA:3212,4
DA:3213,4
DA:3214,4
DA:3215,4
DA:3216,4
DA:3217,4
DA:3220,0
DA:3222,0
DA:3225,0
DA:3227,0
DA:3228,0
DA:3231,0
DA:3232,0
DA:3236,4
DA:3237,4
DA:3238,4
DA:3239,0
DA:3240,0
DA:3242,0
DA:3244,4
DA:3245,4
DA:3246,0
DA:3248,4
DA:3249,4
DA:3250,8
DA:3252,0
DA:3254,4
DA:3255,4
DA:3258,3
DA:3259,3
DA:3262,3
DA:3263,3
DA:3264,3
DA:3265,6
DA:3266,3
DA:3267,3
DA:3281,1
DA:3283,1
DA:3284,1
DA:3285,1
DA:3286,1
DA:3289,0
DA:3290,0
DA:3291,0
DA:3292,0
DA:3295,0
DA:3296,0
DA:3297,0
DA:3298,0
DA:3300,0
DA:3301,0
DA:3302,0
DA:3303,0
DA:3305,0
DA:3306,0
DA:3307,0
DA:3308,0
DA:3314,0
DA:3315,0
DA:3316,0
DA:3317,0
DA:3320,0
DA:3321,0
DA:3322,0
DA:3323,0
DA:3325,0
DA:3326,0
DA:3327,0
DA:3328,0
DA:3330,0
DA:3331,0
DA:3332,0
DA:3337,1
DA:3339,1
DA:3340,2
DA:3341,2
DA:3342,2
DA:3343,1
DA:3344,1
DA:3345,2
DA:3347,1
DA:3348,1
DA:3349,1
DA:3351,1
DA:3352,1
DA:3353,0
DA:3354,0
DA:3355,0
DA:3358,1
DA:3359,1
DA:3360,0
DA:3361,0
DA:3362,0
DA:3363,0
DA:3364,0
DA:3368,1
DA:3369,1
DA:3370,0
DA:3371,0
DA:3373,0
DA:3379,1
DA:3380,1
DA:3389,1
DA:3396,0
DA:3397,0
DA:3431,2
DA:3432,1
DA:3433,2
DA:3435,2
DA:3436,2
DA:3437,2
DA:3439,2
DA:3440,3
DA:3441,1
DA:3442,0
DA:3443,0
DA:3447,2
DA:3471,3
DA:3472,3
DA:3475,9
DA:3477,9
DA:3478,12
DA:3479,0
DA:3480,3
DA:3481,3
DA:3482,3
DA:3483,12
DA:3486,9
DA:3488,9
DA:3489,3
DA:3494,1
DA:3496,1
DA:3497,3
DA:3498,2
DA:3501,1
DA:3503,1
DA:3505,1
DA:3506,3
DA:3507,2
DA:3510,1
DA:3529,902
DA:3530,902
DA:3534,451
DA:3535,451
DA:3548,52
DA:3549,52
DA:3598,1
DA:3599,2
DA:3600,1
DA:3601,0
DA:3603,1
DA:3606,1
DA:3608,1
DA:3609,1
DA:3610,1
DA:3611,1
DA:3612,1
DA:3613,1
DA:3615,0
DA:3617,0
DA:3618,0
DA:3619,0
DA:3620,0
DA:3621,0
DA:3622,0
DA:3634,52
DA:3636,52
DA:3638,503
DA:3639,451
DA:3640,451
DA:3641,0
DA:3642,0
DA:3643,0
DA:3644,0
DA:3645,0
DA:3646,0
DA:3647,0
DA:3648,0
DA:3649,0
DA:3650,0
DA:3651,0
DA:3652,0
DA:3654,0
DA:3655,0
DA:3656,0
DA:3657,0
DA:3658,0
DA:3660,0
DA:3661,0
DA:3662,451
DA:3663,451
DA:3664,451
DA:3665,0
DA:3666,0
DA:3668,451
DA:3670,451
DA:3674,104
DA:3675,52
DA:3680,0
DA:3682,0
DA:3683,0
DA:3684,0
DA:3685,0
DA:3686,0
DA:3688,0
DA:3689,0
DA:3709,8
DA:3710,8
DA:3711,8
DA:3712,16
DA:3713,8
DA:3715,8
DA:3726,8
DA:3732,8
DA:3734,8
DA:3735,0
DA:3737,16
DA:3738,32
DA:3739,32
DA:3740,32
DA:3741,32
DA:3742,24
DA:3746,0
DA:3748,0
DA:3749,0
DA:3751,0
DA:3752,0
DA:3753,0
DA:3754,0
DA:3755,0
DA:3756,0
DA:3758,0
DA:3759,0
DA:3761,0
DA:3762,0
DA:3763,0
DA:3765,52
DA:3771,52
DA:3773,52
DA:3776,0
DA:3778,52
DA:3779,52
DA:3782,4
DA:3785,4
DA:3786,4
DA:3788,4
DA:3789,0
DA:3792,4
DA:3793,12
DA:3795,4
DA:3796,0
DA:3799,4
DA:3800,0
DA:3803,4
DA:3804,0
DA:3805,0
DA:3806,0
DA:3807,0
DA:3808,0
DA:3811,16
DA:3812,4
DA:3813,16
DA:3814,4
DA:3815,4
DA:3817,4
DA:3818,8
DA:3819,4
DA:3821,8
DA:3822,12
DA:3824,4
DA:3825,4
DA:3826,0
DA:3827,0
DA:3828,0
DA:3829,0
DA:3833,0
DA:3834,0
DA:3836,0
DA:3837,0
DA:3838,0
DA:3839,0
DA:3840,0
DA:3841,0
DA:3844,4
DA:3845,4
DA:3847,0
DA:3848,0
DA:3850,0
DA:3851,0
DA:3853,4
DA:3856,3
DA:3858,3
DA:3859,3
DA:3860,9
DA:3861,3
DA:3862,6
DA:3863,3
DA:3864,3
DA:3865,6
DA:3866,3
DA:3868,6
DA:3869,9
DA:3870,3
DA:3871,6
DA:3872,3
DA:3874,6
DA:3875,3
DA:3877,3
DA:3878,7
DA:3879,4
DA:3880,4
DA:3882,3
DA:3883,3
DA:3886,1
DA:3888,1
DA:3890,1
DA:3891,1
DA:3893,1
DA:3894,2
DA:3895,1
DA:3896,2
DA:3897,1
DA:3899,2
DA:3900,3
DA:3901,1
DA:3902,2
DA:3903,1
DA:3905,2
DA:3907,1
DA:3908,0
DA:3909,0
DA:3911,1
DA:3913,3
DA:3914,1
DA:3916,4
DA:3917,3
DA:3918,3
DA:3920,1
DA:3921,1
DA:3923,0
DA:3925,0
DA:3927,0
DA:3928,0
DA:3930,0
DA:3931,0
DA:3932,0
DA:3934,0
DA:3935,0
DA:3936,0
DA:3937,0
DA:3939,0
DA:3940,0
DA:3942,0
DA:3943,0
DA:3947,4
DA:3949,4
DA:3950,4
DA:3951,0
DA:3952,0
DA:3953,0
DA:3955,8
DA:3956,4
DA:3958,0
DA:3960,0
DA:3961,0
DA:3963,0
DA:3964,0
DA:3967,0
DA:3968,0
DA:3969,0
DA:3970,0
DA:3971,0
DA:3972,0
DA:3973,0
DA:3975,0
DA:3976,0
DA:4035,0
DA:4036,0
DA:4037,0
DA:4038,0
DA:4040,0
DA:4042,0
DA:4044,0
DA:4045,0
DA:4046,0
DA:4047,0
DA:4048,0
DA:4049,0
DA:4052,0
DA:4053,0
DA:4055,0
DA:4056,0
DA:4057,0
DA:4058,0
DA:4061,0
DA:4062,0
DA:4063,0
DA:4064,0
DA:4065,0
DA:4066,0
DA:4067,0
DA:4068,0
DA:4069,0
DA:4070,0
DA:4071,0
DA:4072,0
DA:4073,0
DA:4074,0
DA:4075,0
DA:4076,0
DA:4077,0
DA:4078,0
DA:4079,0
DA:4080,0
DA:4082,0
DA:4084,0
DA:4088,0
DA:4089,0
DA:4095,0
DA:4096,0
DA:4097,0
DA:4098,0
DA:4099,0
DA:4103,0
DA:4105,0
DA:4106,0
DA:4108,0
DA:4109,0
DA:4110,0
DA:4111,0
DA:4112,0
DA:4113,0
DA:4116,0
DA:4117,0
DA:4120,0
DA:4128,0
DA:4130,0
DA:4133,0
DA:4135,0
DA:4136,0
DA:4137,0
DA:4138,0
DA:4140,0
DA:4148,0
DA:4150,0
DA:4153,0
DA:4155,0
DA:4156,0
DA:4157,0
DA:4158,0
DA:4161,0
DA:4164,0
DA:4165,0
DA:4166,0
DA:4168,0
DA:4169,0
DA:4171,0
DA:4172,0
DA:4175,0
DA:4176,0
DA:4179,0
DA:4180,0
DA:4181,0
DA:4182,0
DA:4183,0
DA:4186,0
DA:4187,0
DA:4188,0
DA:4189,0
DA:4190,0
DA:4193,0
DA:4194,0
DA:4196,0
DA:4197,0
DA:4198,0
DA:4200,0
DA:4202,0
DA:4203,0
DA:4204,0
DA:4205,0
DA:4206,0
DA:4207,0
DA:4208,0
DA:4212,0
DA:4213,0
DA:4217,0
DA:4218,0
DA:4221,0
DA:4222,0
DA:4223,0
DA:4224,0
DA:4227,0
DA:4229,0
DA:4230,0
DA:4232,0
DA:4233,0
DA:4234,0
DA:4236,0
DA:4237,0
DA:4239,0
DA:4241,0
DA:4242,0
DA:4244,0
DA:4246,0
DA:4247,0
DA:4249,0
DA:4250,0
DA:4253,0
DA:4255,0
DA:4256,0
DA:4257,0
DA:4258,0
DA:4259,0
DA:4261,0
DA:4263,0
DA:4266,0
DA:4267,0
DA:4270,0
DA:4272,0
DA:4273,0
DA:4274,0
DA:4276,0
DA:4278,0
DA:4280,0
DA:4282,0
DA:4283,0
DA:4284,0
DA:4287,0
DA:4288,0
DA:4290,0
DA:4291,0
DA:4294,0
DA:4295,0
DA:4297,0
DA:4298,0
DA:4300,0
DA:4301,0
DA:4302,0
DA:4303,0
DA:4304,0
DA:4306,0
DA:4308,0
DA:4312,0
DA:4313,0
DA:4315,0
DA:4317,0
DA:4318,0
DA:4319,0
DA:4320,0
DA:4321,0
DA:4322,0
DA:4324,0
DA:4326,0
DA:4327,0
DA:4329,0
DA:4330,0
DA:4331,0
DA:4333,0
DA:4338,0
DA:4339,0
DA:4342,0
DA:4344,0
DA:4345,0
DA:4346,0
DA:4347,0
DA:4348,0
DA:4350,0
DA:4351,0
DA:4362,0
DA:4363,0
DA:4364,0
DA:4365,0
DA:4366,0
DA:4367,0
DA:4371,0
DA:4372,0
DA:4373,0
DA:4374,0
DA:4375,0
DA:4378,0
DA:4379,0
DA:4381,0
DA:4382,0
DA:4383,0
DA:4386,0
DA:4387,0
DA:4388,0
DA:4389,0
DA:4393,0
DA:4395,0
DA:4396,0
DA:4397,0
DA:4401,0
DA:4402,0
DA:4403,0
DA:4405,0
DA:4407,0
DA:4408,0
DA:4409,0
DA:4414,0
DA:4416,0
DA:4417,0
DA:4418,0
DA:4420,0
DA:4430,0
DA:4476,0
DA:4480,26
DA:4490,26
DA:4496,1
DA:4497,2
DA:4500,1
DA:4504,0
DA:4505,0
DA:4506,0
DA:4508,1
DA:4510,2
DA:4511,1
DA:4512,0
DA:4513,0
DA:4514,0
DA:4515,0
DA:4516,0
DA:4519,1
DA:4531,1
DA:4532,1
DA:4533,1
DA:4534,1
DA:4536,1
DA:4542,2
DA:4543,2
DA:4544,2
DA:4549,2
DA:4550,2
DA:4551,1
DA:4552,1
DA:4553,1
DA:4554,2
DA:4559,8
DA:4566,1
DA:4567,1
DA:4570,1
DA:4571,1
DA:4572,1
DA:4574,1
DA:4581,1
DA:4582,1
DA:4585,1
DA:4586,1
DA:4587,1
DA:4589,1
DA:4593,0
DA:4594,0
DA:4597,0
DA:4598,0
DA:4599,0
DA:4610,73
DA:4619,73
DA:4620,73
DA:4625,0
DA:4626,0
DA:4630,0
DA:4631,0
DA:4635,4
DA:4636,4
DA:4641,2
DA:4642,2
DA:4647,0
DA:4648,0
DA:4650,0
DA:4651,0
DA:4653,0
DA:4654,0
DA:4656,0
DA:4657,0
DA:4662,1
DA:4663,1
DA:4667,1
DA:4668,1
DA:4672,2
DA:4675,2
DA:4676,2
DA:4680,0
DA:4681,0
DA:4685,1
DA:4686,1
DA:4690,0
DA:4693,2
DA:4697,1
DA:4698,1
DA:4702,2
DA:4703,2
DA:4708,1
DA:4712,0
DA:4716,6
DA:4717,6
DA:4722,0
DA:4723,0
DA:4729,1
DA:4730,1
DA:4735,0
DA:4736,0
DA:4741,7
DA:4742,7
DA:4755,0
DA:4756,0
DA:4757,0
DA:4760,0
DA:4761,0
DA:4768,0
DA:4774,0
DA:4775,0
DA:4777,0
DA:4778,0
DA:4779,0
DA:4781,0
DA:4782,0
DA:4783,0
DA:4784,0
DA:4788,0
DA:4789,0
DA:4793,0
DA:4794,0
DA:4795,0
DA:4797,0
DA:4804,0
DA:4814,0
DA:4821,0
DA:4823,0
DA:4831,0
DA:4838,0
DA:4840,0
DA:4841,0
DA:4848,1
DA:4850,1
DA:4876,1
DA:4880,1
DA:4925,1
DA:4928,2
DA:4929,1
DA:4933,0
DA:4934,0
DA:4939,0
DA:4941,0
DA:4942,0
DA:4943,0
DA:4947,0
DA:4949,0
DA:4950,0
DA:4951,0
DA:4956,0
DA:4958,0
DA:4959,0
DA:4960,0
DA:4963,0
DA:4968,0
DA:4969,0
DA:4973,1
DA:4974,1
DA:4975,1
DA:4978,1
DA:4979,1
DA:4980,1
DA:4984,0
DA:4986,0
DA:4987,0
DA:4988,0
DA:4991,0
DA:4993,0
DA:4994,0
DA:4995,0
DA:4999,1
DA:5000,1
DA:5002,1
DA:5003,1
DA:5004,1
DA:5006,1
DA:5008,1
DA:5009,1
DA:5010,1
DA:5011,1
DA:5012,1
DA:5013,1
DA:5014,1
DA:5015,1
DA:5016,1
DA:5017,1
DA:5018,1
DA:5019,1
DA:5021,1
DA:5024,6
DA:5025,1
DA:5026,1
DA:5028,2
DA:5030,1
DA:5033,1
DA:5035,1
DA:5036,2
DA:5043,0
DA:5044,0
DA:5047,0
DA:5048,0
DA:5049,0
DA:5050,0
DA:5051,0
DA:5052,0
DA:5054,0
DA:5055,0
DA:5057,0
DA:5058,0
DA:5063,1
DA:5064,1
DA:5065,0
DA:5066,1
DA:5071,1
DA:5072,1
DA:5073,1
DA:5074,2
DA:5075,2
DA:5076,0
DA:5077,0
DA:5078,0
DA:5079,0
DA:5080,0
DA:5081,0
DA:5083,1
DA:5088,1
DA:5089,1
DA:5090,1
DA:5091,0
DA:5092,0
DA:5093,0
DA:5094,0
DA:5096,0
DA:5097,0
DA:5100,1
DA:5108,2
DA:5110,2
DA:5111,1
DA:5119,1
DA:5120,1
DA:5126,1
DA:5130,1
DA:5134,1
DA:5144,2
DA:5157,4
DA:5160,4
DA:5161,8
DA:5162,8
DA:5181,4
DA:5187,4
DA:5188,8
DA:5190,4
DA:5194,3
DA:5197,6
DA:5203,0
DA:5204,0
DA:5208,3
DA:5211,3
DA:5212,3
DA:5217,0
DA:5218,0
DA:5229,1
DA:5232,1
DA:5235,1
DA:5236,0
DA:5240,1
DA:5245,1
DA:5249,1
DA:5252,1
DA:5253,1
DA:5261,1
DA:5266,1
DA:5268,1
DA:5271,1
DA:5273,0
DA:5274,0
DA:5277,1
DA:5278,0
DA:5281,1
DA:5283,1
DA:5285,1
DA:5286,1
DA:5290,1
DA:5292,1
DA:5293,2
DA:5296,1
DA:5298,1
DA:5301,1
DA:5302,0
DA:5306,0
DA:5310,1
DA:5313,1
DA:5315,1
DA:5316,1
DA:5317,1
DA:5321,1
DA:5325,0
DA:5326,0
DA:5328,0
DA:5329,0
DA:5330,0
DA:5331,0
DA:5332,0
DA:5334,0
DA:5335,1
DA:5336,4
DA:5338,3
DA:5343,1
DA:5344,1
DA:5346,1
DA:5349,1
DA:5352,1
DA:5355,1
DA:5356,0
DA:5365,1
DA:5367,1
DA:5369,0
DA:5373,1
DA:5375,1
DA:5376,0
DA:5389,1
DA:5396,1
DA:5397,1
DA:5398,1
DA:5399,0
DA:5400,0
DA:5401,0
DA:5405,0
DA:5406,0
DA:5408,0
DA:5410,1
DA:5418,2
DA:5421,2
DA:5422,0
DA:5425,2
DA:5426,2
DA:5428,2
DA:5429,2
DA:5430,0
DA:5431,0
DA:5432,0
DA:5433,0
DA:5434,0
DA:5435,0
DA:5436,0
DA:5437,0
DA:5438,0
DA:5439,0
DA:5440,0
DA:5441,0
DA:5442,0
DA:5443,0
DA:5444,0
DA:5445,0
DA:5446,0
DA:5447,0
DA:5448,0
DA:5449,0
DA:5450,0
DA:5451,0
DA:5452,0
DA:5453,0
DA:5454,0
DA:5455,0
DA:5457,0
DA:5463,4
DA:5464,4
DA:5465,4
DA:5466,4
DA:5470,0
DA:5472,0
DA:5474,0
DA:5481,0
DA:5482,0
DA:5492,1
DA:5493,1
DA:5494,0
DA:5495,1
DA:5496,0
DA:5502,1
DA:5503,1
DA:5504,4
DA:5505,3
DA:5506,3
DA:5508,7
DA:5509,4
DA:5510,4
DA:5513,4
DA:5514,8
DA:5515,4
DA:5516,4
DA:5517,4
DA:5519,4
DA:5521,4
DA:5523,4
DA:5524,4
DA:5528,4
DA:5529,0
DA:5530,4
DA:5531,4
DA:5533,4
DA:5534,4
DA:5536,4
DA:5537,4
DA:5538,4
DA:5539,3
DA:5540,1
DA:5547,0
DA:5548,0
DA:5549,0
DA:5550,0
DA:5551,0
DA:5552,0
DA:5554,0
DA:5555,0
DA:5556,0
DA:5558,0
DA:5559,0
DA:5563,0
DA:5566,0
DA:5568,0
DA:5570,0
DA:5571,0
DA:5573,0
DA:5574,0
DA:5575,0
DA:5576,0
DA:5577,0
DA:5578,0
DA:5579,0
DA:5580,0
DA:5583,0
DA:5585,0
DA:5587,0
DA:5588,0
DA:5589,0
DA:5592,0
DA:5594,0
DA:5598,0
DA:5599,0
DA:5600,0
DA:5601,0
DA:5602,0
DA:5603,0
DA:5604,0
DA:5605,0
DA:5606,0
DA:5607,0
DA:5608,0
DA:5609,0
DA:5610,0
DA:5611,0
DA:5613,0
DA:5614,0
DA:5615,0
DA:5616,0
DA:5623,0
DA:5625,0
DA:5626,0
DA:5627,0
DA:5629,0
DA:5634,26
DA:5635,26
DA:5639,1
DA:5643,26
DA:5647,18
DA:5648,18
DA:5649,16
DA:5651,2
DA:5652,0
DA:5654,2
DA:5659,0
DA:5661,0
DA:5664,0
DA:5665,0
DA:5668,0
DA:5669,0
DA:5671,0
DA:5674,1
DA:5675,4
DA:5677,3
DA:5679,3
DA:5681,1
DA:5693,0
DA:5697,0
DA:5706,61
DA:5708,0
DA:5712,0
DA:5713,0
DA:5715,0
DA:5721,0
DA:5722,0
DA:5723,0
DA:5724,0
DA:5725,0
DA:5727,0
DA:5735,10
DA:5738,10
DA:5741,10
DA:5742,10
DA:5743,10
DA:5746,1
DA:5749,1
DA:5750,0
DA:5756,1
DA:5759,1
DA:5760,10
DA:5772,5
DA:5774,5
DA:5777,5
DA:5780,0
DA:5781,0
DA:5789,0
DA:5791,0
DA:5794,0
DA:5797,0
DA:5798,0
DA:5807,5
DA:5809,5
DA:5812,5
DA:5815,1
DA:5816,1
DA:5825,0
DA:5826,0
DA:5827,0
DA:5828,0
DA:5829,0
DA:5830,0
DA:5831,0
DA:5843,0
DA:5844,0
DA:5851,0
DA:5852,0
DA:5853,0
DA:5854,0
DA:5857,0
DA:5859,0
DA:5860,0
DA:5861,0
DA:5862,0
DA:5863,0
DA:5864,0
DA:5865,0
DA:5866,0
DA:5867,0
DA:5868,0
DA:5869,0
DA:5870,0
DA:5872,0
DA:5874,0
DA:5942,1
DA:5943,1
DA:5944,1
DA:5945,1
DA:5946,1
DA:5947,1
DA:5948,1
DA:5949,1
DA:5950,1
DA:5951,1
DA:5952,1
DA:5953,1
DA:5954,1
DA:5955,1
DA:5956,1
DA:5957,1
DA:5958,1
DA:5959,0
DA:5960,0
DA:5961,0
DA:5962,0
DA:5963,0
DA:5964,0
DA:5965,0
DA:5966,0
DA:5967,2
DA:5968,0
DA:5969,1
DA:5973,0
DA:5974,0
DA:5975,0
DA:5976,0
DA:5977,0
DA:5979,0
DA:5980,0
DA:5981,0
DA:5982,0
DA:5983,0
DA:5984,0
DA:5985,0
DA:5986,0
DA:5987,0
DA:5989,0
DA:5996,1
DA:5997,2
DA:5998,1
DA:5999,1
DA:6005,1
DA:6006,1
DA:6007,1
DA:6009,0
DA:6010,0
DA:6011,0
DA:6013,0
DA:6014,0
DA:6015,0
DA:6018,0
DA:6021,1
DA:6026,2
DA:6027,1
DA:6031,1
DA:6035,1
DA:6039,1
DA:6043,0
DA:6045,1
DA:6049,1
DA:6050,1
DA:6062,1
DA:6063,0
DA:6064,0
DA:6065,0
DA:6072,1
DA:6074,1
DA:6076,1
DA:6078,1
DA:6079,3
DA:6080,2
DA:6087,1
DA:6088,1
DA:6102,1
DA:6106,1
DA:6108,1
DA:6112,0
DA:6116,0
DA:6118,0
DA:6122,0
DA:6124,0
DA:6125,0
DA:6126,0
DA:6127,0
DA:6132,0
DA:6134,0
DA:6136,0
DA:6154,0
DA:6162,0
DA:6163,0
DA:6164,0
DA:6165,0
DA:6166,0
DA:6168,0
DA:6169,0
DA:6172,0
DA:6174,0
DA:6175,0
LF:2369
LH:879
end_of_record
TN:
SF:/usr/include/c++/13/bits/alloc_traits.h
DA:482,281
DA:516,279
DA:539,19
DA:541,19
DA:559,1
DA:561,1
DA:575,533
DA:587,45
DA:721,0
DA:754,1
DA:758,1
DA:791,46
DA:947,82
DA:948,82
LF:14
LH:13
end_of_record
TN:
SF:/usr/include/c++/13/bits/allocated_ptr.h
DA:53,0
DA:54,0
DA:55,0
DA:71,0
DA:73,0
DA:74,0
DA:75,0
DA:79,0
DA:81,0
DA:82,0
LF:10
LH:0
end_of_record
TN:
SF:/usr/include/c++/13/bits/allocator.h
DA:163,819
DA:168,1227
DA:172,1
DA:184,893
DA:191,281
DA:193,0
DA:194,0
DA:195,0
DA:198,281
DA:205,279
DA:207,0
DA:208,0
DA:210,279
DA:217,0
LF:14
LH:8
end_of_record
TN:
SF:/usr/include/c++/13/bits/basic_string.h
DA:124,210
DA:126,210
DA:136,210
DA:188,586
DA:189,586
DA:192,486
DA:193,486
DA:212,696
DA:213,696
DA:217,4431
DA:218,4431
DA:222,14677
DA:223,14677
DA:227,2073
DA:230,2073
DA:238,5009
DA:241,5009
DA:249,373
DA:250,373
DA:254,4060
DA:256,4060
DA:257,4060
DA:258,4060
DA:262,5009
DA:264,5009
DA:266,1900
DA:267,0
DA:268,1900
DA:270,3109
DA:280,1396
DA:282,1396
DA:283,208
DA:284,1396
DA:288,208
DA:289,208
DA:336,790
DA:337,790
DA:341,488
DA:342,488
DA:351,723
DA:352,0
DA:353,0
DA:355,723
DA:376,0
DA:378,0
DA:379,0
DA:382,0
DA:387,194
DA:389,194
DA:390,0
DA:391,194
DA:397,0
DA:399,0
DA:400,0
DA:405,59
DA:407,59
DA:408,59
DA:415,976
DA:417,976
DA:418,186
DA:420,790
DA:421,976
DA:425,0
DA:427,0
DA:428,0
DA:430,0
DA:431,0
DA:435,0
DA:437,0
DA:438,0
DA:440,0
DA:441,0
DA:467,39
DA:468,39
DA:472,582
DA:474,582
DA:478,0
DA:480,0
DA:482,0
DA:483,0
DA:484,0
DA:485,0
DA:487,0
DA:512,169
DA:514,507
DA:517,169
DA:518,169
DA:525,4
DA:526,4
DA:529,4
DA:530,4
DA:537,39
DA:538,39
DA:539,39
DA:541,39
DA:543,39
DA:571,0
DA:573,0
DA:575,0
DA:576,0
DA:577,0
DA:579,0
DA:609,3
DA:611,3
DA:614,3
DA:615,0
DA:617,3
DA:618,3
DA:631,579
DA:632,579
DA:635,579
DA:636,0
DA:638,579
DA:639,579
DA:640,579
DA:654,0
DA:655,0
DA:656,0
DA:667,278
DA:668,278
DA:670,278
DA:672,164
DA:673,164
DA:677,114
DA:678,114
DA:684,278
DA:685,278
DA:686,278
DA:687,278
DA:748,0
DA:750,0
DA:753,0
DA:758,0
DA:791,1257
DA:792,1257
DA:800,50
DA:802,50
DA:811,14
DA:812,14
DA:841,1
DA:844,1
DA:846,1
DA:847,1
DA:850,0
DA:851,0
DA:852,0
DA:855,1
DA:857,1
DA:862,0
DA:864,0
DA:865,0
DA:866,0
DA:869,1
DA:872,1
DA:874,1
DA:879,0
DA:880,0
DA:886,1
DA:887,1
DA:888,1
DA:889,1
DA:891,0
DA:892,0
DA:895,1
DA:898,0
DA:899,1
DA:900,1
DA:943,0
DA:944,0
DA:952,0
DA:953,0
DA:961,0
DA:962,0
DA:970,0
DA:971,0
DA:1059,4637
DA:1060,4637
DA:1066,1343
DA:1067,1343
DA:1072,445
DA:1073,890
DA:1157,3240
DA:1159,3240
DA:1160,3240
DA:1199,1
DA:1200,1
DA:1208,12
DA:1209,12
DA:1224,451
DA:1226,451
DA:1227,451
DA:1354,0
DA:1355,0
DA:1364,0
DA:1365,0
DA:1374,2743
DA:1376,2743
DA:1377,2743
DA:1412,40
DA:1413,40
DA:1443,48
DA:1446,48
DA:1447,48
DA:1457,86
DA:1460,86
DA:1461,86
DA:1462,86
DA:1549,2743
DA:1551,2743
DA:1552,2743
DA:1553,0
DA:1554,2743
DA:1555,2743
DA:1556,2743
DA:1565,50
DA:1568,50
DA:1570,0
DA:1571,0
DA:1575,0
DA:1577,0
DA:1578,0
DA:1579,0
DA:1583,0
DA:1584,0
DA:1586,0
DA:1587,0
DA:1588,0
DA:1589,0
DA:1590,0
DA:1593,0
DA:1596,50
DA:1597,50
DA:1669,14
DA:1672,14
DA:1673,14
DA:1882,0
DA:1883,0
DA:1884,0
DA:1950,0
DA:1953,0
DA:1954,0
DA:2077,0
DA:2081,0
DA:2082,0
DA:2083,0
DA:2192,0
DA:2196,0
DA:2197,0
DA:2583,667
DA:2584,667
DA:2596,200
DA:2597,200
DA:2617,4
DA:2618,8
DA:2649,0
DA:2651,0
DA:3151,0
DA:3153,0
DA:3171,0
DA:3173,0
DA:3174,0
DA:3175,0
DA:3177,0
DA:3178,0
DA:3179,0
DA:3180,0
DA:3516,4
DA:3524,4
DA:3525,4
DA:3526,4
DA:3527,4
DA:3528,8
DA:3529,4
DA:3559,0
DA:3566,0
DA:3595,4
DA:3602,8
DA:3613,0
DA:3618,0
DA:3625,0
DA:3627,0
DA:3639,40
DA:3644,40
DA:3646,40
DA:3649,40
DA:3652,40
DA:3653,40
DA:3654,0
DA:3656,40
DA:3662,0
DA:3664,0
DA:3676,86
DA:3678,86
DA:3698,232
DA:3702,232
DA:3703,232
DA:3715,123
DA:3718,123
DA:3719,123
DA:3733,0
DA:3736,0
LF:301
LH:183
end_of_record
TN:
SF:/usr/include/c++/13/bits/basic_string.tcc
DA:59,46
DA:62,46
DA:63,0
DA:65,46
DA:67,46
DA:68,44
DA:70,0
DA:73,0
DA:74,0
DA:75,0
DA:76,0
DA:77,0
DA:78,0
DA:80,0
DA:82,0
DA:83,0
DA:84,0
DA:85,0
DA:86,0
DA:88,0
DA:90,0
DA:91,0
DA:92,0
DA:93,0
DA:94,0
DA:99,44
DA:100,44
DA:101,44
DA:102,44
DA:103,44
DA:104,44
DA:108,2
DA:109,2
DA:111,0
DA:112,0
DA:113,0
DA:114,0
DA:118,2
DA:119,2
DA:120,2
DA:121,2
DA:123,2
DA:126,46
DA:127,46
DA:128,46
DA:134,210
DA:139,210
DA:140,0
DA:145,210
DA:147,41
DA:149,41
DA:150,0
DA:155,210
DA:217,621
DA:221,621
DA:223,621
DA:225,71
DA:226,71
DA:235,621
DA:238,621
DA:241,621
DA:243,621
DA:245,621
DA:247,621
DA:248,621
DA:253,0
DA:256,0
DA:258,0
DA:259,0
DA:264,0
DA:265,0
DA:267,0
DA:268,0
DA:273,50
DA:276,50
DA:278,50
DA:279,50
DA:281,50
DA:283,5
DA:284,5
DA:285,5
DA:286,5
DA:287,5
DA:290,50
DA:291,33
DA:293,50
DA:295,50
DA:300,185
DA:303,185
DA:308,185
DA:309,71
DA:311,114
DA:312,114
DA:313,114
DA:314,114
DA:315,114
DA:321,20
DA:325,20
DA:327,20
DA:328,20
DA:330,20
DA:331,19
DA:332,20
DA:333,20
DA:334,20
DA:335,0
DA:336,0
DA:338,20
DA:339,20
DA:340,20
DA:341,20
DA:346,0
DA:349,0
DA:351,0
DA:352,0
DA:354,0
DA:355,0
DA:408,134
DA:411,134
DA:413,134
DA:415,115
DA:416,115
DA:419,19
DA:421,134
DA:422,134
DA:506,60
DA:510,60
DA:512,60
DA:513,60
DA:515,60
DA:517,59
DA:519,59
DA:521,59
DA:523,0
DA:524,0
DA:525,0
DA:526,0
DA:527,0
DA:528,0
DA:532,59
DA:534,59
DA:535,0
DA:536,59
DA:537,54
DA:540,0
DA:543,1
DA:545,60
DA:546,60
DA:612,0
DA:617,0
DA:619,0
DA:620,0
DA:621,0
DA:622,0
DA:624,0
DA:625,0
DA:626,0
DA:627,0
DA:628,0
DA:630,0
DA:633,0
DA:634,0
DA:635,0
DA:639,0
DA:640,0
DA:641,0
DA:643,0
DA:649,0
DA:652,0
DA:653,0
DA:654,0
DA:656,0
DA:657,0
DA:658,0
DA:659,0
DA:660,0
DA:662,0
LF:177
LH:98
end_of_record
TN:
SF:/usr/include/c++/13/bits/char_traits.h
DA:125,0
DA:128,0
DA:129,0
DA:132,0
DA:133,0
DA:136,0
DA:137,0
DA:140,0
DA:141,0
DA:186,0
DA:189,0
DA:190,0
DA:191,0
DA:192,0
DA:193,0
DA:194,0
DA:199,0
DA:202,0
DA:203,0
DA:204,0
DA:205,0
DA:210,0
DA:213,0
DA:214,0
DA:215,0
DA:216,0
DA:222,0
DA:225,0
DA:226,0
DA:228,0
DA:230,0
DA:231,0
DA:232,0
DA:233,0
DA:234,0
DA:236,0
DA:238,0
DA:239,0
DA:242,0
DA:246,0
DA:247,0
DA:249,0
DA:252,0
DA:253,0
DA:256,0
DA:257,0
DA:263,0
DA:266,0
DA:267,0
DA:269,0
DA:271,0
DA:272,0
DA:273,0
DA:276,0
DA:277,0
DA:283,0
DA:287,0
DA:289,0
DA:290,0
DA:291,0
DA:297,0
DA:300,0
DA:301,0
DA:309,0
DA:361,6989
DA:364,6989
DA:365,0
DA:368,6989
DA:369,6989
DA:376,0
DA:379,0
DA:380,0
DA:384,127
DA:386,127
DA:387,2
DA:389,125
DA:391,0
DA:392,0
DA:393,0
DA:394,0
DA:395,0
DA:396,0
DA:399,125
DA:403,806
DA:406,806
DA:407,0
DA:409,806
DA:413,0
DA:415,0
DA:416,0
DA:418,0
DA:419,0
DA:421,0
DA:425,0
DA:427,0
DA:428,0
DA:430,0
DA:431,0
DA:433,0
DA:437,998
DA:439,998
DA:440,7
DA:442,991
DA:443,0
DA:445,991
DA:449,0
DA:451,0
DA:452,0
DA:454,0
DA:455,0
DA:457,0
DA:503,0
DA:506,0
DA:507,0
DA:510,0
DA:511,0
DA:522,0
DA:524,0
DA:525,0
DA:527,0
DA:528,0
DA:530,0
DA:534,0
DA:537,0
DA:538,0
DA:540,0
DA:544,0
DA:546,0
DA:547,0
DA:549,0
DA:550,0
DA:552,0
DA:568,0
DA:570,0
DA:571,0
DA:573,0
DA:574,0
DA:576,0
DA:1018,0
DA:1024,0
LF:140
LH:17
end_of_record
TN:
SF:/usr/include/c++/13/bits/chrono.h
DA:577,1
DA:584,2
DA:585,2
DA:596,1
LF:4
LH:4
end_of_record
TN:
SF:/usr/include/c++/13/bits/cpp_type_traits.h
DA:607,0
DA:608,0
LF:2
LH:0
end_of_record
TN:
SF:/usr/include/c++/13/bits/ios_base.h
DA:83,0
DA:84,0
DA:87,0
DA:88,0
DA:95,0
DA:96,0
DA:99,0
DA:100,0
DA:103,0
DA:104,0
DA:662,0
DA:663,0
DA:673,0
DA:675,0
DA:676,0
DA:677,0
DA:689,0
DA:691,0
DA:692,0
DA:693,0
DA:706,0
DA:708,0
DA:709,0
DA:710,0
DA:711,0
DA:1001,0
DA:1003,0
DA:1004,0
DA:1067,0
DA:1069,0
DA:1070,0
LF:31
LH:0
end_of_record
TN:
SF:/usr/include/c++/13/bits/list.tcc
DA:66,0
DA:70,0
DA:71,0
DA:73,0
DA:74,0
DA:75,0
DA:77,0
DA:81,0
DA:83,0
LF:9
LH:0
end_of_record
TN:
SF:/usr/include/c++/13/bits/move.h
DA:51,8073
DA:52,8073
DA:70,510
DA:71,510
DA:97,1051
DA:98,1051
DA:138,7082
DA:139,7082
DA:189,0
DA:197,0
DA:198,0
DA:199,0
DA:200,0
LF:13
LH:8
end_of_record
TN:
SF:/usr/include/c++/13/bits/new_allocator.h
DA:88,819
DA:92,1227
DA:122,281
DA:130,281
DA:134,0
DA:135,0
DA:136,0
DA:147,281
DA:152,279
DA:168,279
DA:229,281
LF:11
LH:8
end_of_record
TN:
SF:/usr/include/c++/13/bits/predefined_ops.h
DA:262,52
DA:263,52
DA:264,52
DA:269,231
DA:270,231
DA:276,52
DA:277,52
DA:310,4
DA:311,4
DA:312,4
DA:317,4
DA:318,4
DA:324,4
DA:325,4
LF:14
LH:14
end_of_record
TN:
SF:/usr/include/c++/13/bits/ptr_traits.h
DA:141,7082
DA:142,7082
LF:2
LH:2
end_of_record
TN:
SF:/usr/include/c++/13/bits/shared_ptr.h
DA:202,0
DA:214,0
DA:359,0
DA:360,0
DA:438,0
DA:440,0
DA:441,0
LF:7
LH:0
end_of_record
TN:
SF:/usr/include/c++/13/bits/shared_ptr_base.h
DA:129,0
DA:130,0
DA:133,0
DA:134,0
DA:143,0
DA:144,0
DA:172,0
DA:175,0
DA:187,0
DA:188,0
DA:191,0
DA:193,0
DA:198,0
DA:199,0
DA:317,0
DA:321,0
DA:324,0
DA:328,0
DA:331,0
DA:332,0
DA:333,0
DA:334,0
DA:337,0
DA:343,0
DA:346,0
DA:347,0
DA:348,0
DA:350,0
DA:351,0
DA:353,0
DA:354,0
DA:423,0
DA:424,0
DA:427,0
DA:428,0
DA:431,0
DA:432,0
DA:435,0
DA:436,0
DA:908,0
DA:909,0
DA:913,0
DA:917,0
DA:919,0
DA:921,0
DA:922,0
DA:924,0
DA:927,0
DA:928,0
DA:929,0
DA:1068,0
DA:1070,0
DA:1071,0
DA:1072,0
DA:1097,0
DA:1099,0
DA:1100,0
DA:1101,0
DA:1102,0
DA:1354,0
DA:1357,0
DA:1362,0
DA:1363,0
DA:1462,0
DA:1463,0
DA:1464,0
DA:1468,0
DA:1469,0
DA:1473,0
DA:1474,0
DA:1524,0
DA:1531,0
DA:1532,0
DA:1534,0
DA:1535,0
DA:1536,0
DA:1618,0
DA:1620,0
DA:1621,0
DA:1665,0
DA:1666,0
DA:1684,0
DA:1686,0
DA:1687,0
DA:1688,0
DA:1765,0
DA:1766,0
LF:87
LH:0
end_of_record
TN:
SF:/usr/include/c++/13/bits/std_abs.h
DA:71,0
DA:72,0
LF:2
LH:0
end_of_record
TN:
SF:/usr/include/c++/13/bits/stl_algo.h
DA:1102,0
DA:1105,0
DA:1106,0
DA:1107,0
DA:1108,0
DA:1110,0
DA:1111,0
DA:1112,0
DA:1131,0
DA:1137,0
DA:1138,0
DA:3827,12
DA:3832,28
DA:3833,16
DA:3834,12
DA:3889,52
DA:3897,104
DA:3898,104
DA:3914,4
DA:3923,0
DA:3924,4
LF:21
LH:9
end_of_record
TN:
SF:/usr/include/c++/13/bits/stl_algobase.h
DA:155,0
DA:185,0
DA:187,0
DA:233,88
DA:238,88
DA:239,0
DA:240,88
DA:257,18
DA:262,18
DA:263,10
DA:264,8
DA:316,108
DA:318,108
DA:331,0
DA:332,0
DA:338,0
DA:339,0
DA:383,0
DA:386,0
DA:388,0
DA:389,0
DA:390,0
DA:392,0
DA:397,0
DA:398,0
DA:408,0
DA:411,0
DA:413,0
DA:414,0
DA:415,0
DA:417,0
DA:422,0
DA:423,0
DA:433,0
DA:435,0
DA:436,0
DA:437,0
DA:438,0
DA:440,0
DA:441,0
DA:497,0
DA:501,0
DA:503,0
DA:506,0
DA:532,0
DA:533,0
DA:538,0
DA:540,0
DA:541,0
DA:542,0
DA:543,0
DA:624,0
DA:633,0
DA:657,0
DA:665,0
DA:666,0
DA:727,0
DA:730,0
DA:731,0
DA:732,0
DA:733,0
DA:744,0
DA:746,0
DA:747,0
DA:748,0
DA:749,0
DA:751,0
DA:752,0
DA:759,0
DA:763,0
DA:765,0
DA:769,0
DA:771,0
DA:777,0
DA:778,0
DA:805,0
DA:807,0
DA:810,0
DA:892,0
DA:901,0
DA:903,0
DA:915,0
DA:918,0
DA:919,0
DA:920,0
DA:926,0
DA:929,0
DA:930,0
DA:931,0
DA:932,0
DA:976,0
DA:977,0
DA:1018,0
DA:1117,0
DA:1123,0
DA:1124,0
DA:1128,0
DA:1129,0
DA:1152,0
DA:1157,0
DA:1158,0
DA:2064,56
DA:2068,56
DA:2070,84
DA:2072,63
DA:2073,8
DA:2074,55
DA:2076,55
DA:2077,9
DA:2078,46
DA:2080,46
DA:2081,9
DA:2082,37
DA:2084,37
DA:2085,9
DA:2086,28
DA:2089,21
DA:2091,9
DA:2092,9
DA:2093,3
DA:2094,6
DA:2096,15
DA:2097,15
DA:2098,7
DA:2099,8
DA:2101,10
DA:2102,10
DA:2103,8
DA:2104,2
DA:2106,3
DA:2108,3
DA:2115,56
DA:2117,108
DA:2118,164
LF:134
LH:42
end_of_record
TN:
SF:/usr/include/c++/13/bits/stl_construct.h
DA:80,448
DA:88,448
DA:89,448
DA:94,19
DA:97,19
DA:109,445
DA:112,445
DA:115,0
DA:116,0
DA:119,888
DA:146,447
DA:149,447
DA:153,447
DA:160,71
DA:162,518
DA:163,447
DA:164,71
DA:172,11
DA:182,82
DA:192,82
DA:193,0
DA:196,82
LF:22
LH:19
end_of_record
TN:
SF:/usr/include/c++/13/bits/stl_function.h
DA:407,0
DA:408,0
DA:451,64
DA:454,64
DA:455,0
DA:457,64
DA:1166,0
DA:1167,0
DA:1182,0
DA:1183,0
LF:10
LH:3
end_of_record
TN:
SF:/usr/include/c++/13/bits/stl_iterator.h
DA:195,14
DA:197,14
DA:198,14
DA:204,24
DA:206,24
DA:207,24
DA:248,26
DA:250,26
DA:264,5
DA:266,5
DA:267,5
DA:296,3
DA:298,3
DA:299,3
DA:593,5
DA:596,5
DA:625,8
DA:628,8
DA:1072,0
DA:1073,0
DA:1076,514
DA:1077,514
DA:1083,0
DA:1094,0
DA:1099,346
DA:1100,346
DA:1104,0
DA:1105,0
DA:1109,280
DA:1111,280
DA:1112,280
DA:1123,8
DA:1125,8
DA:1126,8
DA:1147,0
DA:1148,0
DA:1157,9
DA:1158,9
DA:1162,752
DA:1163,752
DA:1178,0
DA:1184,0
DA:1197,263
DA:1203,263
DA:1208,0
DA:1211,0
DA:1321,0
DA:1329,0
DA:1334,95
DA:1337,95
DA:1357,0
DA:1359,0
LF:52
LH:36
end_of_record
TN:
SF:/usr/include/c++/13/bits/stl_iterator_base_funcs.h
DA:106,621
DA:151,1242
DA:152,1346
LF:3
LH:3
end_of_record
TN:
SF:/usr/include/c++/13/bits/stl_iterator_base_types.h
DA:240,781
LF:1
LH:1
end_of_record
TN:
SF:/usr/include/c++/13/bits/stl_list.h
DA:110,0
DA:111,0
DA:150,0
DA:152,0
DA:154,0
DA:156,0
DA:238,0
DA:239,0
DA:268,0
DA:269,0
DA:358,0
DA:359,0
DA:362,0
DA:363,0
DA:373,0
DA:374,0
DA:377,0
DA:379,0
DA:380,0
DA:408,0
DA:409,0
DA:455,0
DA:457,0
DA:458,0
DA:480,0
DA:482,0
DA:484,0
DA:517,0
DA:518,0
DA:521,0
DA:522,0
DA:528,0
DA:529,0
DA:532,0
DA:533,0
DA:536,0
DA:574,0
DA:575,0
DA:708,0
DA:710,0
DA:711,0
DA:712,0
DA:713,0
DA:715,0
DA:716,0
DA:717,0
DA:749,0
DA:903,0
DA:1022,0
DA:1023,0
DA:1042,0
DA:1043,0
DA:1143,0
DA:1144,0
DA:1310,0
DA:1311,0
DA:1612,0
DA:1617,0
DA:1619,0
DA:1621,0
DA:1624,0
DA:1625,0
DA:1627,0
DA:1631,0
DA:1632,0
DA:1988,0
DA:1989,0
DA:2003,0
DA:2005,0
DA:2006,0
DA:2007,0
DA:2008,0
DA:2029,0
DA:2031,0
DA:2032,0
DA:2033,0
LF:76
LH:0
end_of_record
TN:
SF:/usr/include/c++/13/bits/stl_map.h
DA:197,0
DA:314,0
DA:368,0
DA:369,0
DA:386,0
DA:387,0
DA:482,0
DA:483,0
DA:504,0
DA:509,0
DA:511,0
DA:513,0
DA:514,0
DA:515,0
DA:519,0
DA:1192,0
DA:1193,0
DA:1219,0
DA:1220,0
DA:1308,0
DA:1309,0
LF:21
LH:0
end_of_record
TN:
SF:/usr/include/c++/13/bits/stl_pair.h
DA:197,0
DA:198,0
DA:305,0
DA:308,0
DA:309,0
DA:315,0
DA:317,0
DA:318,0
DA:922,0
DA:927,0
LF:10
LH:0
end_of_record
TN:
SF:/usr/include/c++/13/bits/stl_set.h
DA:169,0
DA:283,0
DA:511,0
DA:514,0
DA:515,0
DA:750,0
DA:751,0
LF:7
LH:0
end_of_record
TN:
SF:/usr/include/c++/13/bits/stl_tree.h
DA:146,0
DA:150,0
DA:173,0
DA:174,0
DA:175,0
DA:176,0
DA:177,0
DA:206,0
DA:208,0
DA:209,0
DA:210,0
DA:211,0
DA:212,0
DA:234,0
DA:235,0
DA:238,0
DA:239,0
DA:273,0
DA:274,0
DA:277,0
DA:278,0
DA:281,0
DA:282,0
DA:285,0
DA:287,0
DA:288,0
DA:300,0
DA:302,0
DA:303,0
DA:315,0
DA:316,0
DA:347,0
DA:348,0
DA:350,0
DA:351,0
DA:354,0
DA:355,0
DA:362,0
DA:363,0
DA:366,0
DA:368,0
DA:369,0
DA:396,0
DA:397,0
DA:525,0
DA:526,0
DA:530,0
DA:531,0
DA:549,0
DA:550,0
DA:562,0
DA:563,0
DA:566,0
DA:567,0
DA:592,0
DA:596,0
DA:597,0
DA:601,0
DA:603,0
DA:604,0
DA:605,0
DA:607,0
DA:611,0
DA:613,0
DA:614,0
DA:615,0
DA:620,0
DA:625,0
DA:626,0
DA:628,0
DA:631,0
DA:633,0
DA:634,0
DA:635,0
DA:669,0
DA:673,0
DA:674,0
DA:720,0
DA:721,0
DA:728,0
DA:729,0
DA:736,0
DA:737,0
DA:740,0
DA:741,0
DA:744,0
DA:747,0
DA:751,0
DA:752,0
DA:755,0
DA:756,0
DA:759,0
DA:777,0
DA:781,0
DA:782,0
DA:785,0
DA:786,0
DA:789,0
DA:790,0
DA:793,0
DA:794,0
DA:797,0
DA:798,0
DA:930,0
DA:985,0
DA:986,0
DA:993,0
DA:994,0
DA:997,0
DA:998,0
DA:1005,0
DA:1006,0
DA:1009,0
DA:1010,0
DA:1033,0
DA:1034,0
DA:1270,0
DA:1271,0
DA:1635,0
DA:1636,0
DA:1637,0
DA:1638,0
DA:1640,0
DA:1642,0
DA:1643,0
DA:1644,0
DA:1651,0
DA:1652,0
DA:1655,0
DA:1657,0
DA:1658,0
DA:1659,0
DA:1818,0
DA:1827,0
DA:1828,0
DA:1831,0
DA:1833,0
DA:1834,0
DA:1835,0
DA:1836,0
DA:1930,0
DA:1934,0
DA:1936,0
DA:1937,0
DA:1938,0
DA:1939,0
DA:1941,0
DA:1947,0
DA:1951,0
DA:1952,0
DA:1953,0
DA:1955,0
DA:1956,0
DA:1963,0
DA:1967,0
DA:1968,0
DA:1969,0
DA:1971,0
DA:1972,0
DA:2108,0
DA:2112,0
DA:2113,0
DA:2114,0
DA:2115,0
DA:2117,0
DA:2118,0
DA:2119,0
DA:2121,0
DA:2122,0
DA:2124,0
DA:2125,0
DA:2127,0
DA:2129,0
DA:2130,0
DA:2131,0
DA:2162,0
DA:2171,0
DA:2173,0
DA:2175,0
DA:2176,0
DA:2178,0
DA:2181,0
DA:2210,0
DA:2214,0
DA:2218,0
DA:2220,0
DA:2221,0
DA:2222,0
DA:2224,0
DA:2226,0
DA:2229,0
DA:2230,0
DA:2231,0
DA:2232,0
DA:2234,0
DA:2235,0
DA:2237,0
DA:2240,0
DA:2242,0
DA:2245,0
DA:2246,0
DA:2247,0
DA:2248,0
DA:2250,0
DA:2251,0
DA:2253,0
DA:2256,0
DA:2260,0
DA:2377,0
DA:2381,0
DA:2382,0
DA:2385,0
DA:2386,0
DA:2387,0
DA:2388,0
DA:2458,0
DA:2462,0
DA:2463,0
DA:2464,0
DA:2465,0
DA:2466,0
DA:2467,0
DA:2529,0
DA:2532,0
DA:2533,0
DA:2534,0
DA:2535,0
DA:2542,0
DA:2545,0
DA:2546,0
DA:2547,0
DA:2548,0
LF:232
LH:0
end_of_record
TN:
SF:/usr/include/c++/13/bits/stl_uninitialized.h
DA:113,54
DA:116,54
DA:119,499
DA:120,445
DA:121,54
DA:123,0
DA:125,0
DA:126,0
DA:135,54
DA:137,54
DA:145,0
DA:147,0
DA:163,54
DA:174,54
DA:181,54
DA:185,54
DA:261,0
DA:263,0
DA:266,0
DA:267,0
DA:268,0
DA:270,0
DA:272,0
DA:273,0
DA:282,0
DA:284,0
DA:312,0
DA:319,0
DA:327,0
DA:366,54
DA:370,54
DA:371,0
DA:373,54
DA:465,0
DA:469,0
DA:470,0
DA:472,0
DA:660,0
DA:662,0
DA:665,0
DA:666,0
DA:667,0
DA:668,0
DA:670,0
DA:696,0
DA:701,0
DA:706,0
DA:771,0
DA:773,0
DA:1064,1
DA:1072,1
DA:1073,1
DA:1074,1
DA:1086,4
DA:1098,4
DA:1099,5
DA:1100,1
DA:1102,4
DA:1109,32
DA:1113,32
DA:1114,32
DA:1117,7
DA:1121,0
DA:1122,0
DA:1123,0
DA:1126,7
DA:1128,32
DA:1136,36
DA:1142,36
DA:1144,36
LF:70
LH:32
end_of_record
TN:
SF:/usr/include/c++/13/bits/stl_vector.h
DA:99,81
DA:100,81
DA:101,81
DA:105,0
DA:106,0
DA:107,0
DA:108,0
DA:113,0
DA:115,0
DA:116,0
DA:117,0
DA:118,0
DA:122,0
DA:126,0
DA:127,0
DA:128,0
DA:129,0
DA:130,0
DA:137,27
DA:139,27
DA:140,27
DA:143,54
DA:144,54
DA:145,54
DA:151,0
DA:152,0
DA:153,0
DA:298,224
DA:299,224
DA:303,38
DA:304,38
DA:312,27
DA:318,52
DA:319,52
DA:330,2
DA:331,2
DA:332,2
DA:335,0
DA:364,82
DA:366,82
DA:367,82
DA:368,82
DA:375,72
DA:378,143
DA:383,100
DA:386,100
DA:387,71
DA:388,100
DA:393,2
DA:395,2
DA:396,2
DA:397,2
DA:398,2
DA:501,36
DA:506,36
DA:528,27
DA:553,0
DA:554,0
DA:555,0
DA:566,0
DA:568,0
DA:569,0
DA:598,2
DA:600,4
DA:602,2
DA:603,2
DA:605,2
DA:606,2
DA:617,0
DA:704,52
DA:706,52
DA:708,52
DA:709,52
DA:710,52
DA:730,82
DA:732,82
DA:733,82
DA:735,82
DA:870,30
DA:871,30
DA:880,154
DA:881,154
DA:890,35
DA:891,35
DA:900,286
DA:901,286
DA:910,5
DA:911,5
DA:930,9
DA:931,9
DA:951,0
DA:952,0
DA:961,0
DA:962,0
DA:989,310
DA:990,310
DA:995,36
DA:996,36
DA:1123,78
DA:1126,78
DA:1142,66
DA:1145,66
DA:1152,0
DA:1154,0
DA:1155,0
DA:1159,0
DA:1194,0
DA:1196,0
DA:1197,0
DA:1230,9
DA:1233,9
DA:1278,9
DA:1280,9
DA:1283,0
DA:1285,0
DA:1289,9
DA:1290,9
DA:1295,9
DA:1296,9
DA:1319,0
DA:1322,0
DA:1323,0
DA:1325,0
DA:1390,0
DA:1391,0
DA:1531,0
DA:1532,0
DA:1583,0
DA:1586,0
DA:1589,0
DA:1590,0
DA:1591,0
DA:1592,0
DA:1602,15
DA:1603,15
DA:1684,52
DA:1687,52
DA:1689,52
DA:1690,52
DA:1691,52
DA:1692,52
DA:1694,52
DA:1695,52
DA:1701,0
DA:1703,0
DA:1704,0
DA:1705,0
DA:1706,0
DA:1712,0
DA:1714,0
DA:1715,0
DA:1716,0
DA:1717,0
DA:1830,0
DA:1832,0
DA:1834,0
DA:1837,0
DA:1838,0
DA:1841,0
DA:1845,0
DA:1849,0
DA:1850,0
DA:1893,18
DA:1895,18
DA:1896,0
DA:1898,18
DA:1899,18
DA:1904,52
DA:1906,52
DA:1907,0
DA:1909,52
DA:1913,88
DA:1918,88
DA:1920,88
DA:1921,88
DA:1930,15
DA:1932,15
DA:1934,0
DA:1935,0
DA:1936,0
DA:1939,15
LF:181
LH:104
end_of_record
TN:
SF:/usr/include/c++/13/bits/unique_ptr.h
DA:93,141
DA:99,141
DA:100,141
DA:174,26
DA:176,152
DA:197,332
DA:199,1160
DA:201,141
DA:206,1
DA:208,1
DA:209,1
DA:210,1
DA:211,0
DA:212,1
DA:224,0
DA:227,0
DA:228,0
DA:229,0
DA:304,26
DA:305,26
DA:306,26
DA:317,152
DA:318,152
DA:319,152
DA:398,178
DA:402,178
DA:403,178
DA:404,141
DA:405,178
DA:406,178
DA:451,1009
DA:453,1009
DA:454,1009
DA:460,0
DA:463,0
DA:469,1160
DA:470,1160
DA:475,141
DA:476,141
DA:505,1
DA:509,1
DA:510,1
DA:515,0
DA:518,0
DA:519,0
DA:813,0
DA:815,0
LF:47
LH:35
end_of_record
TN:
SF:/usr/include/c++/13/bits/vector.tcc
DA:111,9
DA:114,9
DA:117,0
DA:119,0
DA:123,9
DA:125,9
DA:133,0
DA:140,0
DA:141,0
DA:143,0
DA:144,0
DA:145,0
DA:147,0
DA:150,0
DA:152,0
DA:158,0
DA:161,0
DA:162,0
DA:166,0
DA:170,0
DA:175,0
DA:181,0
DA:184,0
DA:185,0
DA:186,0
DA:187,0
DA:189,0
DA:356,0
DA:359,0
DA:360,0
DA:361,0
DA:364,0
DA:365,0
DA:366,0
DA:370,0
DA:372,0
DA:374,0
DA:413,0
DA:423,0
DA:424,0
DA:425,0
DA:430,0
DA:436,0
DA:438,0
DA:445,18
DA:455,18
DA:456,18
DA:457,18
DA:458,18
DA:459,18
DA:460,18
DA:468,18
DA:469,18
DA:475,18
DA:480,18
DA:481,18
DA:483,18
DA:485,18
DA:486,18
DA:504,0
DA:506,0
DA:507,0
DA:508,0
DA:510,0
DA:511,0
DA:512,0
DA:519,18
DA:520,18
DA:521,18
DA:522,18
DA:523,18
DA:524,18
LF:72
LH:25
end_of_record
TN:
SF:/usr/include/c++/13/compare
DA:57,0
DA:292,0
DA:293,0
DA:1214,0
DA:1223,0
LF:5
LH:0
end_of_record
TN:
SF:/usr/include/c++/13/ext/aligned_buffer.h
DA:58,0
DA:64,0
DA:65,0
DA:68,0
DA:69,0
DA:72,0
DA:73,0
DA:76,0
DA:77,0
LF:9
LH:0
end_of_record
TN:
SF:/usr/include/c++/13/ext/alloc_traits.h
DA:98,45
DA:102,46
DA:106,50
DA:110,1
DA:118,0
LF:5
LH:4
end_of_record
TN:
SF:/usr/include/c++/13/ext/atomicity.h
DA:52,0
DA:66,0
DA:84,0
DA:85,0
DA:86,0
DA:98,0
DA:99,0
DA:101,0
LF:8
LH:0
end_of_record
TN:
SF:/usr/include/c++/13/iomanip
DA:167,40
DA:168,40
DA:197,134
DA:198,134
DA:227,40
DA:228,40
LF:6
LH:6
end_of_record
TN:
SF:/usr/include/c++/13/new
DA:174,464
DA:175,464
DA:180,0
LF:3
LH:2
end_of_record
TN:
SF:/usr/include/c++/13/tuple
DA:81,178
DA:82,178
DA:125,141
DA:190,178
DA:191,178
DA:193,0
DA:194,0
DA:197,0
DA:234,332
DA:237,1160
DA:269,332
DA:272,1160
DA:280,178
DA:281,178
DA:497,141
DA:503,178
DA:504,178
DA:507,0
DA:508,0
DA:509,0
DA:527,0
DA:529,0
DA:530,0
DA:874,0
DA:876,0
DA:903,0
DA:1310,178
DA:1312,178
DA:1773,473
DA:1774,473
DA:1778,1160
DA:1779,1160
DA:1789,473
DA:1790,473
DA:1795,1160
DA:1796,1160
DA:2238,0
DA:2243,0
DA:2244,0
DA:2250,0
DA:2253,0
DA:2254,0
DA:2255,0
LF:43
LH:24
end_of_record
TN:
SF:/usr/include/c++/13/type_traits
DA:3644,843
DA:3649,843
LF:2
LH:2
end_of_record
TN:
SF:/usr/include/c++/13/typeinfo
DA:103,0
DA:104,0
DA:193,0
DA:195,0
DA:196,0
DA:198,0
DA:199,0
DA:206,0
LF:8
LH:0
end_of_record
TN:
SF:/usr/include/eigen3/Eigen/src/Core/CoreEvaluators.h
DA:121,16
DA:122,16
DA:139,16
DA:142,16
DA:145,16
DA:195,16
DA:196,16
DA:199,16
DA:211,6
DA:213,6
DA:226,10
DA:228,10
DA:282,16
DA:283,16
DA:284,16
LF:15
LH:15
end_of_record
TN:
SF:/usr/include/eigen3/Eigen/src/Core/DenseBase.h
DA:681,6
DA:682,6
DA:691,6
LF:3
LH:3
end_of_record
TN:
SF:/usr/include/eigen3/Eigen/src/Core/DenseCoeffsBase.h
DA:140,6
DA:145,6
DA:159,6
DA:163,6
DA:164,6
DA:189,2
DA:195,2
DA:198,2
DA:205,2
DA:208,2
DA:389,10
DA:394,10
DA:406,10
DA:410,10
DA:411,10
DA:435,3
DA:441,3
DA:444,3
DA:451,3
DA:454,3
DA:461,1
DA:464,1
LF:22
LH:22
end_of_record
TN:
SF:/usr/include/eigen3/Eigen/src/Core/DenseStorage.h
DA:29,6
DA:35,6
DA:49,4
DA:51,4
DA:52,4
DA:68,2
DA:107,2
DA:109,4
DA:110,2
DA:111,2
DA:211,6
DA:213,6
DA:262,16
DA:263,16
DA:266,20
DA:267,20
LF:16
LH:16
end_of_record
TN:
SF:/usr/include/eigen3/Eigen/src/Core/EigenBase.h
DA:46,10
DA:49,38
DA:60,16
DA:63,16
DA:67,16
LF:5
LH:5
end_of_record
TN:
SF:/usr/include/eigen3/Eigen/src/Core/Matrix.h
DA:389,4
DA:390,4
DA:391,4
DA:393,4
DA:394,4
DA:395,4
DA:396,4
DA:401,2
DA:402,2
DA:403,2
DA:405,2
DA:406,2
DA:407,2
DA:408,2
DA:409,2
LF:15
LH:15
end_of_record
TN:
SF:/usr/include/eigen3/Eigen/src/Core/MatrixBase.h
DA:485,6
LF:1
LH:1
end_of_record
TN:
SF:/usr/include/eigen3/Eigen/src/Core/PlainObjectBase.h
DA:143,16
DA:145,16
DA:165,4
DA:167,4
DA:247,16
DA:248,16
DA:476,6
DA:480,6
DA:968,6
DA:980,6
LF:10
LH:10
end_of_record
TN:
SF:/usr/include/eigen3/Eigen/src/Core/util/IndexedViewHelper.h
DA:137,1
LF:1
LH:1
end_of_record
TN:
SF:/usr/include/eigen3/Eigen/src/Core/util/IntegralConstant.h
DA:56,1
DA:82,1
LF:2
LH:2
end_of_record
TN:
SF:/usr/include/eigen3/Eigen/src/Core/util/Macros.h
DA:1073,16
LF:1
LH:1
end_of_record
TN:
SF:/usr/include/eigen3/Eigen/src/Core/util/SymbolicIndex.h
DA:66,1
DA:80,1
DA:117,1
DA:118,1
DA:219,1
DA:254,1
LF:6
LH:6
end_of_record
TN:
SF:/usr/include/eigen3/Eigen/src/Geometry/Quaternion.h
DA:66,1
DA:68,1
DA:70,1
DA:72,1
DA:75,1
DA:77,1
DA:79,1
DA:81,1
DA:226,2
DA:297,2
DA:340,4
DA:341,4
LF:12
LH:12
end_of_record
TN:
SF:/usr/include/eigen3/Eigen/src/Geometry/RotationBase.h
DA:41,4
DA:42,4
LF:2
LH:2
end_of_record
TN:
SF:/usr/include/x86_64-linux-gnu/c++/13/bits/c++config.h
DA:540,11522
DA:547,11522
LF:2
LH:2
end_of_record
